<?xml version="1.0" encoding="UTF-8"?>
<testsuite name="SolverTest" tests="1" skipped="0" failures="0" errors="0" timestamp="2020-08-31T14:16:37" hostname="Dima" time="4.828">
  <properties/>
  <testcase name="start" classname="SolverTest" time="4.828"/>
  <system-out><![CDATA[?[1;31m
Start test 1?[0m
Input matrix:

1.0 1.0 2.0 9.0 
2.0 4.0 -3.0 1.0 
3.0 6.0 -5.0 0.0 

1.0 1.0 2.0 9.0 
0.0 2.0 -7.0 -17.0 
0.0 3.0 -11.0 -27.0 

1.0 1.0 2.0 9.0 
0.0 1.0 -3.5 -8.5 
0.0 0.0 -0.5 -1.5 

1.0 1.0 2.0 9.0 
0.0 1.0 -3.5 -8.5 
0.0 0.0 1.0 3.0 

1.0 0.0 0.0 1.0 
0.0 1.0 0.0 2.0 
0.0 0.0 1.0 3.0 

Solution:

1.0
2.0
3.0
1.0 0
2.0 0
3.0 0
?[1;31m
Start test 2?[0m
Input matrix:

1.0 0.0 1.0 
0.0 1.0 1.0 

1.0 0.0 1.0 
0.0 1.0 1.0 

1.0 0.0 1.0 
0.0 1.0 1.0 

1.0 0.0 1.0 
0.0 1.0 1.0 

Solution:

1.0
1.0
1.0 0
1.0 0
?[1;31m
Start test 3?[0m
Input matrix:

1.0 0.0 1.0 
0.0 1.0 1.0 

1.0 0.0 1.0 
0.0 1.0 1.0 

1.0 0.0 1.0 
0.0 1.0 1.0 

1.0 0.0 1.0 
0.0 1.0 1.0 

Solution:

1.0
1.0
1.0 0
1.0 0
?[1;31m
Start test 4?[0m
Input matrix:

1.0 0.0 1.0 
0.0 1.0 1.0 

1.0 0.0 1.0 
0.0 1.0 1.0 

1.0 0.0 1.0 
0.0 1.0 1.0 

1.0 0.0 1.0 
0.0 1.0 1.0 

Solution:

1.0
1.0
1.0 0
1.0 0
?[1;31m
Start test 5?[0m
Input matrix:

1.0 0.0 2.0 
0.0 1.0 2.0 

1.0 0.0 2.0 
0.0 1.0 2.0 

1.0 0.0 2.0 
0.0 1.0 2.0 

1.0 0.0 2.0 
0.0 1.0 2.0 

Solution:

2.0
2.0
2.0 0
2.0 0
?[1;31m
Start test 6?[0m
Input matrix:

2.0 0.0 2.0 
0.0 2.0 2.0 

1.0 0.0 1.0 
0.0 2.0 2.0 

1.0 0.0 1.0 
0.0 1.0 1.0 

1.0 0.0 1.0 
0.0 1.0 1.0 

Solution:

1.0
1.0
1.0 0
1.0 0
?[1;31m
Start test 7?[0m
Input matrix:

1.0 2.0 1.0 
3.0 4.0 1.0 

1.0 2.0 1.0 
0.0 -2.0 -2.0 

1.0 2.0 1.0 
0.0 1.0 1.0 

1.0 0.0 -1.0 
0.0 1.0 1.0 

Solution:

-1.0
1.0
-1.0 0
1.0 0
?[1;31m
Start test 8?[0m
Input matrix:

26.0 90.0 17.0 67.0 68.0 9.0 60.0 38.0 37.0 38.0 76.0 14.0 33.0 94.0 88.0 58.0 99.0 84.0 9.0 45.0 18.0 
37.0 34.0 20.0 53.0 10.0 61.0 75.0 49.0 91.0 84.0 55.0 84.0 84.0 81.0 30.0 22.0 42.0 76.0 33.0 27.0 2.0 
99.0 69.0 63.0 57.0 39.0 45.0 33.0 43.0 99.0 26.0 25.0 24.0 80.0 91.0 62.0 90.0 54.0 77.0 88.0 32.0 94.0 
37.0 40.0 14.0 5.0 47.0 30.0 5.0 21.0 36.0 77.0 57.0 38.0 29.0 3.0 61.0 12.0 81.0 19.0 39.0 56.0 9.0 
36.0 73.0 71.0 39.0 9.0 9.0 31.0 10.0 84.0 7.0 13.0 45.0 9.0 34.0 2.0 14.0 88.0 43.0 17.0 4.0 86.0 
31.0 29.0 76.0 89.0 26.0 35.0 11.0 55.0 37.0 5.0 41.0 96.0 19.0 18.0 100.0 20.0 21.0 49.0 83.0 5.0 20.0 
18.0 18.0 25.0 70.0 79.0 74.0 30.0 66.0 41.0 93.0 63.0 2.0 90.0 4.0 46.0 1.0 77.0 89.0 21.0 47.0 52.0 
32.0 62.0 27.0 80.0 57.0 10.0 35.0 44.0 97.0 18.0 58.0 19.0 5.0 81.0 33.0 54.0 83.0 66.0 25.0 75.0 75.0 
56.0 53.0 13.0 91.0 30.0 11.0 72.0 52.0 13.0 86.0 73.0 88.0 94.0 20.0 25.0 77.0 90.0 75.0 73.0 52.0 36.0 
63.0 9.0 40.0 40.0 35.0 90.0 55.0 92.0 12.0 98.0 34.0 37.0 64.0 21.0 67.0 91.0 15.0 65.0 82.0 87.0 30.0 
71.0 5.0 65.0 64.0 6.0 20.0 9.0 81.0 40.0 56.0 39.0 93.0 74.0 55.0 83.0 81.0 74.0 2.0 58.0 86.0 58.0 
13.0 50.0 31.0 86.0 73.0 36.0 83.0 27.0 37.0 96.0 37.0 28.0 75.0 91.0 15.0 78.0 90.0 56.0 57.0 18.0 18.0 
34.0 9.0 51.0 11.0 92.0 54.0 25.0 91.0 61.0 69.0 37.0 37.0 89.0 91.0 95.0 50.0 10.0 16.0 69.0 71.0 66.0 
25.0 16.0 79.0 36.0 6.0 28.0 51.0 100.0 5.0 28.0 97.0 23.0 44.0 32.0 50.0 2.0 96.0 18.0 5.0 48.0 44.0 
80.0 38.0 47.0 96.0 41.0 72.0 85.0 79.0 2.0 3.0 96.0 14.0 2.0 65.0 97.0 38.0 76.0 73.0 88.0 59.0 89.0 
31.0 98.0 88.0 52.0 49.0 68.0 46.0 79.0 26.0 30.0 31.0 76.0 84.0 87.0 27.0 16.0 66.0 55.0 78.0 2.0 46.0 
57.0 2.0 32.0 78.0 70.0 7.0 95.0 56.0 77.0 97.0 49.0 14.0 74.0 7.0 85.0 48.0 83.0 59.0 71.0 5.0 44.0 
4.0 64.0 4.0 43.0 54.0 99.0 77.0 7.0 72.0 82.0 27.0 22.0 29.0 94.0 53.0 48.0 65.0 88.0 26.0 86.0 42.0 
69.0 59.0 62.0 63.0 42.0 29.0 73.0 18.0 82.0 78.0 48.0 60.0 84.0 73.0 84.0 9.0 82.0 53.0 14.0 1.0 12.0 
98.0 2.0 47.0 62.0 69.0 11.0 28.0 14.0 83.0 32.0 94.0 24.0 71.0 1.0 16.0 91.0 53.0 50.0 38.0 26.0 17.0 

1.0 3.4615384615384617 0.6538461538461539 2.576923076923077 2.6153846153846154 0.34615384615384615 2.3076923076923075 1.4615384615384615 1.4230769230769231 1.4615384615384615 2.923076923076923 0.5384615384615384 1.2692307692307692 3.6153846153846154 3.3846153846153846 2.230769230769231 3.8076923076923075 3.230769230769231 0.34615384615384615 1.7307692307692308 0.6923076923076923 
0.0 -94.0769230769231 -4.192307692307693 -42.346153846153854 -86.76923076923077 48.19230769230769 -10.384615384615387 -5.07692307692308 38.34615384615385 29.92307692307692 -53.15384615384616 64.07692307692308 37.03846153846154 -52.769230769230774 -95.23076923076924 -60.53846153846155 -98.88461538461539 -43.53846153846155 20.192307692307693 -37.03846153846155 -23.615384615384617 
0.0 -273.6923076923077 -1.7307692307692264 -198.1153846153846 -219.9230769230769 10.730769230769234 -195.46153846153845 -101.69230769230768 -41.88461538461539 -118.69230769230768 -264.38461538461536 -29.307692307692307 -45.653846153846146 -266.9230769230769 -273.07692307692304 -130.84615384615384 -322.96153846153845 -242.8461538461538 53.73076923076923 -139.34615384615384 25.461538461538467 
0.0 -88.0769230769231 -10.192307692307693 -90.34615384615385 -49.769230769230774 17.192307692307693 -80.38461538461539 -33.07692307692308 -16.653846153846153 22.92307692307692 -51.15384615384616 18.076923076923077 -17.96153846153846 -130.76923076923077 -64.23076923076924 -70.53846153846155 -59.88461538461539 -100.53846153846155 26.192307692307693 -8.038461538461547 -16.615384615384617 
0.0 -51.61538461538461 47.46153846153847 -53.769230769230774 -85.15384615384615 -3.4615384615384617 -52.07692307692308 -42.61538461538461 32.769230769230774 -45.61538461538461 -92.23076923076923 25.615384615384617 -36.69230769230769 -96.15384615384616 -119.84615384615384 -66.3076923076923 -49.076923076923066 -73.3076923076923 4.538461538461538 -58.30769230769231 61.07692307692308 
0.0 -78.3076923076923 55.730769230769226 9.115384615384613 -55.07692307692308 24.26923076923077 -60.53846153846153 9.692307692307693 -7.115384615384613 -40.30769230769231 -49.61538461538461 79.3076923076923 -20.346153846153847 -94.07692307692308 -4.92307692307692 -49.153846153846146 -97.03846153846153 -51.153846153846146 72.26923076923077 -48.65384615384615 -1.46153846153846 
0.0 -44.30769230769231 13.230769230769232 23.615384615384613 31.923076923076927 67.76923076923077 -11.53846153846154 39.69230769230769 15.384615384615387 66.6923076923077 10.384615384615387 -7.692307692307692 67.15384615384616 -61.07692307692308 -14.92307692307692 -39.15384615384615 8.461538461538467 30.846153846153847 14.76923076923077 15.846153846153847 39.53846153846154 
0.0 -48.769230769230774 6.076923076923077 -2.461538461538467 -26.692307692307693 -1.0769230769230766 -38.846153846153854 -2.7692307692307736 51.46153846153846 -28.769230769230774 -35.53846153846155 1.7692307692307665 -35.61538461538462 -34.69230769230769 -75.30769230769232 -17.384615384615387 -38.846153846153854 -37.38461538461539 13.923076923076923 19.615384615384613 52.84615384615385 
0.0 -140.84615384615384 -23.615384615384613 -53.30769230769229 -116.46153846153845 -8.384615384615383 -57.230769230769226 -29.84615384615384 -66.6923076923077 4.15384615384616 -90.69230769230768 57.84615384615385 22.92307692307692 -182.46153846153845 -164.53846153846152 -47.92307692307692 -123.23076923076923 -105.9230769230769 53.61538461538461 -44.92307692307692 -2.7692307692307665 
7.105427357601002E-15 -209.07692307692307 -1.1923076923076863 -122.34615384615384 -129.76923076923075 68.1923076923077 -90.38461538461539 -0.07692307692306599 -77.65384615384615 5.923076923076934 -150.15384615384613 3.07692307692308 -15.961538461538453 -206.76923076923075 -146.23076923076923 -49.53846153846152 -224.88461538461536 -138.53846153846152 60.19230769230769 -22.038461538461533 -13.615384615384613 
0.0 -240.76923076923077 18.576923076923073 -118.96153846153845 -179.6923076923077 -4.576923076923077 -154.84615384615384 -22.769230769230774 -61.03846153846155 -47.769230769230774 -168.53846153846155 54.76923076923077 -16.115384615384613 -201.69230769230768 -157.30769230769232 -77.38461538461539 -196.34615384615387 -227.3846153846154 33.42307692307692 -36.88461538461539 8.846153846153847 
0.0 5.0 22.5 52.5 39.0 31.5 53.0 8.0 18.5 77.0 -1.0 21.0 58.5 44.0 -29.0 49.0 40.5 14.0 52.5 -4.5 9.0 
0.0 -108.6923076923077 28.76923076923077 -76.61538461538461 3.07692307692308 42.230769230769226 -53.46153846153847 41.30769230769231 12.615384615384613 19.307692307692307 -62.38461538461539 18.692307692307693 45.84615384615385 -31.92307692307692 -20.07692307692308 -25.846153846153854 -119.46153846153845 -93.84615384615385 57.230769230769226 12.153846153846153 42.46153846153846 
0.0 -70.53846153846155 62.65384615384615 -28.42307692307692 -59.38461538461539 19.346153846153847 -6.692307692307693 63.46153846153846 -30.57692307692308 -8.53846153846154 23.92307692307692 9.538461538461538 12.26923076923077 -58.38461538461539 -34.61538461538461 -53.769230769230774 0.8076923076923066 -62.769230769230774 -3.6538461538461533 4.730769230769226 26.692307692307693 
0.0 -238.92307692307696 -5.307692307692314 -110.15384615384616 -168.23076923076925 44.30769230769231 -99.61538461538461 -37.923076923076934 -111.84615384615385 -113.92307692307693 -137.84615384615387 -29.07692307692308 -99.53846153846155 -224.23076923076923 -173.76923076923077 -140.46153846153848 -228.61538461538464 -185.46153846153845 60.30769230769231 -79.46153846153848 33.61538461538461 
0.0 -9.307692307692307 67.73076923076923 -27.884615384615387 -32.07692307692308 57.269230769230774 -25.538461538461533 33.69230769230769 -18.115384615384613 -15.307692307692307 -59.61538461538461 59.30769230769231 44.65384615384615 -25.07692307692308 -77.92307692307692 -53.153846153846146 -52.03846153846153 -45.153846153846146 67.26923076923077 -51.65384615384615 24.53846153846154 
-7.105427357601002E-15 -195.30769230769232 -5.269230769230774 -68.88461538461539 -79.0769230769231 -12.730769230769234 -36.53846153846155 -27.30769230769232 -4.115384615384627 13.69230769230768 -117.61538461538464 -16.692307692307693 1.6538461538461462 -199.0769230769231 -107.92307692307693 -79.15384615384616 -134.03846153846155 -125.15384615384616 51.26923076923077 -93.65384615384616 4.538461538461533 
0.0 50.15384615384615 1.3846153846153846 32.69230769230769 43.53846153846154 97.61538461538461 67.76923076923077 1.1538461538461533 66.3076923076923 76.15384615384616 15.307692307692307 19.846153846153847 23.923076923076923 79.53846153846153 39.46153846153846 39.07692307692308 49.76923076923077 75.07692307692308 24.615384615384617 79.07692307692308 39.23076923076923 
0.0 -179.84615384615384 16.884615384615387 -114.80769230769229 -138.46153846153845 5.115384615384617 -86.23076923076923 -82.84615384615384 -16.192307692307693 -22.84615384615384 -153.69230769230768 22.846153846153847 -3.57692307692308 -176.46153846153845 -149.53846153846152 -144.9230769230769 -180.73076923076923 -169.9230769230769 -9.884615384615383 -118.42307692307692 -35.76923076923077 
0.0 -337.2307692307692 -17.07692307692308 -190.53846153846155 -187.30769230769232 -22.92307692307692 -198.15384615384616 -129.23076923076923 -56.46153846153845 -111.23076923076923 -192.46153846153845 -28.769230769230766 -53.38461538461539 -353.3076923076923 -315.6923076923077 -127.61538461538461 -320.15384615384613 -266.6153846153846 4.07692307692308 -143.6153846153846 -50.84615384615384 

1.0 3.4615384615384617 0.6538461538461539 2.576923076923077 2.6153846153846154 0.34615384615384615 2.3076923076923075 1.4615384615384615 1.4230769230769231 1.4615384615384615 2.923076923076923 0.5384615384615384 1.2692307692307692 3.6153846153846154 3.3846153846153846 2.230769230769231 3.8076923076923075 3.230769230769231 0.34615384615384615 1.7307692307692308 0.6923076923076923 
0.0 1.0 0.04456255110384301 0.4501226492232216 0.9223221586263286 -0.5122649223221585 0.11038430089942763 0.05396565821749798 -0.4076042518397383 -0.3180703188879803 0.5650040883074408 -0.6811120196238756 -0.3937040065412919 0.5609157808667211 1.0122649223221585 0.6434995911692559 1.051103843008994 0.4627964022894522 -0.21463614063777595 0.3937040065412919 0.25102207686017985 
0.0 0.0 10.46565821749796 -74.92027800490598 32.50940310711363 -129.47219950940308 -165.25020441537202 -86.92232215862632 -153.4427636958299 -205.7457072771872 -109.74734260016353 -215.72281275551916 -153.4076042518397 -113.40474243663124 3.972199509403083 45.274734260016345 -35.28250204415377 -116.18233851185606 -5.013491414554359 -31.592395748160257 94.16434995911692 
0.0 -1.4210854715202004E-14 -6.267375306623059 -50.700735895339335 31.466067048242024 -27.926410466067047 -70.66230580539657 -28.32379394930499 -52.554374488961564 -5.091578086672115 -1.390024529844652 -41.91332788225674 -52.63777596075224 -81.36549468520033 24.92641046606704 -13.860997547015543 32.69337694194603 -59.776778413736714 7.287816843826658 26.637775960752244 5.49386753883892 
0.0 0.0 49.76165167620606 -30.535977105478338 -37.54783319705642 -29.902289452166798 -46.379394930498776 -39.829926410466065 11.730580539656593 -62.03270645952575 -63.067865903515944 -9.540474243663116 -57.013491414554366 -67.20196238757156 -67.5977105478332 -33.093213409648406 5.176206050695008 -49.42027800490597 -6.54006541291905 -37.98650858544562 74.0335241210139 
0.0 0.0 59.22035977105478 44.36345053147996 17.147996729354034 -15.845053147996719 -51.89452166802943 13.918233851185612 -39.03393295175796 -65.21504497138184 -5.371218315617334 25.97138184791497 -51.17620605069501 -50.15290269828292 74.34505314799672 1.237121831561737 -14.728945216680302 -14.913327882256738 55.46156991005724 -17.823793949304985 18.195421095666394 
0.0 0.0 15.205233033524122 43.55928045789043 72.78904333605887 45.071954210956676 -6.647587898609977 42.08340147179068 -2.675388389206862 52.59934587080949 35.41864268192968 -37.870809484873256 49.70973017170893 -36.224039247751435 29.92804578904333 -10.641864268192972 55.0335241210139 51.35159443990188 5.259198691741622 33.29026982829109 50.66067048242028 
0.0 7.105427357601002E-15 8.250204415372036 19.490596892886344 18.288634505314803 -26.059689288634505 -33.462796402289456 -0.13736713000817913 31.582992641046605 -44.28127555192151 -7.983646770237126 -31.44807849550287 -54.81602616516763 -7.336876533115291 -25.940310711365505 13.998364677023716 12.4153720359771 -14.81439084219133 3.4554374488961574 38.81602616516763 65.08830744071955 
0.0 0.0 -17.33892068683565 10.090351594439916 13.443990188062116 -80.53515944399018 -41.6835650040883 -22.24529844644316 -124.1017988552739 -40.64513491414552 -11.113654946851995 -38.0858544562551 -32.52861815208503 -103.45870809484873 -21.96484055600982 42.7113654946852 24.813164349959095 -40.73998364677023 23.38470973017171 10.528618152085038 32.58626328699918 
7.105427357601002E-15 0.0 8.124693376941952 -28.235895339329517 63.067048242027795 -38.91046606704822 -67.30580539656583 11.20605069501228 -162.87448896156988 -60.578086672117706 -32.024529844644306 -139.32788225674568 -98.27596075224855 -89.49468520032705 65.41046606704822 85.00245298446444 -5.1230580539656785 -41.77841373671298 15.31684382665577 60.27596075224858 38.86753883892068 
0.0 0.0 29.30621422730989 -10.585854456255106 42.37448896156985 -127.91455437448894 -128.26901062959934 -9.775960752248567 -159.17702371218314 -124.35077677841372 -32.50286181520852 -109.22158626328698 -110.90719542109565 -66.64104660670483 86.41455437448894 77.55028618152085 56.72730989370393 -115.95748160261651 -18.254701553556828 57.907195421095665 69.28454619787408 
0.0 0.0 22.277187244480785 50.24938675388389 34.388389206868354 34.06132461161079 52.44807849550286 7.73017170891251 20.538021259198693 78.5903515944399 -3.8250204415372036 24.405560098119377 60.46852003270646 41.1954210956664 -34.06132461161079 45.78250204415372 35.24448078495503 11.686017988552738 53.57318070318888 -6.46852003270646 7.744889615699101 
0.0 0.0 33.61283728536386 -27.69051512673753 103.32624693376941 -13.448487326246926 -41.4636140637776 47.17334423548651 -31.68806214227309 -15.26410466067047 -0.9730171708912607 -55.33932951757971 3.053556827473436 29.044153720359766 89.94848732624692 44.09730171708911 -5.2146361406377935 -43.54374488961571 33.901471790678656 54.94644317252657 69.74570727718724 
0.0 0.0 65.79721995094032 3.3278822567457134 5.6745707277187165 -16.788225674570725 1.0940310711365493 67.26819296811121 -59.32869991823385 -30.974652493867534 63.77759607522486 -38.50613246116107 -15.502044153720355 -18.818479149632054 36.788225674570725 -8.377759607522492 74.95094031071136 -30.124284546197877 -18.793949304987734 32.50204415372036 44.39901880621423 
0.0 2.8421709430404007E-14 5.339329517579719 -2.6091578086671916 52.13327882256746 -78.08421913327884 -73.24202780049059 -25.029435813573183 -209.23221586263287 -189.91741618969746 -2.853638593622236 -191.81030253475063 -193.6034341782502 -90.21504497138181 68.08421913327885 13.285363859362235 22.517579721995077 -74.88879803761239 9.026165167620597 14.603434178250211 93.59035159443991 
0.0 0.0 68.14554374488961 -23.695012264922326 -23.49223221586264 52.50122649223222 -24.511038430089936 34.19460343417825 -21.909239574816024 -18.2681929681112 -54.35650040883074 52.96811120196239 40.98937040065413 -19.856091578086676 -68.50122649223222 -47.16434995911692 -42.2551103843009 -40.846279640228936 65.27146361406378 -47.98937040065413 26.874897792313984 
-7.105427357601002E-15 2.8421709430404007E-14 3.434178250204413 19.027800490596903 101.0596892886345 -112.7800490596893 -14.979558462796408 -16.767784137367137 -83.72363041700737 -48.42927228127556 -7.265739983646782 -149.7187244480785 -75.23957481602618 -89.52575633687654 89.7800490596893 46.52657399836468 71.25020441537202 -34.76614881439083 9.349141455437447 -16.760425183973823 53.56500408830744 
0.0 0.0 -0.8503679476696648 10.11692559280458 -2.719542109566632 123.3074407195421 62.23303352412102 -1.5527391659852836 86.7506132461161 92.10629599345872 -13.02943581357318 54.006541291905144 43.668847097301715 51.40637775960752 -11.307440719542107 6.802943581357326 -2.9476696647587843 51.8659035159444 35.38021259198692 59.331152902698285 26.64104660670483 
0.0 2.8421709430404007E-14 24.89901880621423 -33.85486508585444 27.414554374488972 -87.01349141455437 -66.37857726901062 -73.14063777596074 -89.4983646770237 -80.04987735077677 -52.0784955028618 -99.64922322158625 -74.38307440719542 -75.5829926410466 32.51349141455438 -29.192150449713793 8.30621422730988 -86.69092395748157 -48.486099754701556 -47.61692559280456 9.3761242845462 
0.0 0.0 -2.0490596892886366 -38.74325429272284 123.72771872444804 -195.67457072771867 -160.92886345053148 -111.0318887980376 -193.91823385118556 -218.49386753883888 -1.9247751430907556 -258.4611610793131 -186.15372035977103 -164.14963205233036 25.674570727718674 89.39247751430906 34.310711365494626 -110.5461978740801 -68.30498773507766 -10.846279640228943 33.80621422730988 

1.0 3.4615384615384617 0.6538461538461539 2.576923076923077 2.6153846153846154 0.34615384615384615 2.3076923076923075 1.4615384615384615 1.4230769230769231 1.4615384615384615 2.923076923076923 0.5384615384615384 1.2692307692307692 3.6153846153846154 3.3846153846153846 2.230769230769231 3.8076923076923075 3.230769230769231 0.34615384615384615 1.7307692307692308 0.6923076923076923 
0.0 1.0 0.04456255110384301 0.4501226492232216 0.9223221586263286 -0.5122649223221585 0.11038430089942763 0.05396565821749798 -0.4076042518397383 -0.3180703188879803 0.5650040883074408 -0.6811120196238756 -0.3937040065412919 0.5609157808667211 1.0122649223221585 0.6434995911692559 1.051103843008994 0.4627964022894522 -0.21463614063777595 0.3937040065412919 0.25102207686017985 
0.0 0.0 1.0 -7.15867807336224 3.106293214578691 -12.371147310441808 -15.789757412398915 -8.30548068283917 -14.661549279268714 -19.659127309660523 -10.486425250986363 -20.612445798663995 -14.658189773038 -10.835892027032301 0.379546076018592 4.326028360482829 -3.3712645025196335 -11.101293019258557 -0.479042150083986 -3.0186726043986076 8.997460838313993 
0.0 -1.4210854715202004E-14 0.0 -95.56685808039376 50.934372436423274 -105.4610336341263 -169.62264150943395 -80.37735849056601 -144.4438063986874 -128.30270713699747 -67.11238720262509 -171.09926168990967 -144.50615258408527 -149.27809680065627 27.305168170631642 13.251845775225572 11.564397046759609 -129.35274815422474 4.285479901558666 7.718621821164891 61.88433141919604 
0.0 0.0 -7.105427357601002E-15 325.69166764326724 -192.12211414508363 585.7064338450718 739.3450134770887 373.4645103324347 741.3134888081563 916.237938981991 458.75397476463917 1016.1688737841316 672.4022422750886 472.0099222625883 -86.4845501777412 -248.3635298253837 172.93589593343512 502.9983983749362 17.297863197781083 112.22762607914368 -373.69498808547195 
0.0 0.0 -7.105427357601002E-15 468.30294152115306 -166.80780499238233 716.7787413570838 883.1805929919133 505.77178796046695 829.2282901675843 1099.0055470916827 615.6386577600686 1246.6478378061636 816.8870659010113 591.5525215828742 51.86819797648359 -254.95183405601767 184.91855150591843 642.509238642134 83.83061838353052 160.9430837142075 -514.6374467752645 
0.0 0.0 -1.7763568394002505E-15 152.40864877534278 25.557131137935123 233.17813195827955 233.4393530997304 168.37017070979329 220.25688503457158 351.5209578499159 194.86718231180902 275.54623227469807 272.5909215203718 128.53822414938077 24.15695925622098 -76.42013359896869 106.2943864994727 220.14934177116282 12.543146216649067 79.18989023008709 -86.14781827415129 
0.0 7.105427357601002E-15 0.0 78.55115434196647 -7.338919489042503 76.00480487519037 96.80592991913738 68.38454627133869 152.54377124106404 117.91054338060067 78.53150513691936 138.6088128442516 66.1170358217117 82.06144771280124 -29.071643423571224 -21.69225360365637 40.228993320051586 76.77354584163437 7.407633110668372 63.720692214539625 -9.142583694675523 
0.0 0.0 3.552713678800501E-15 -114.03339974217738 67.3037618656978 -295.03750146490086 -315.46091644204836 -166.2533692722371 -378.31723895464654 -381.513184108754 -192.93695066213516 -395.48341732098885 -286.68580803937635 -291.3413805226766 -15.383921246923755 117.72002812609863 -33.640923473573274 -233.22442282901665 15.078635884214258 -41.81190671510603 188.5925231454353 
7.105427357601002E-15 0.0 0.0 29.926168990976237 37.82936833470058 61.601312551271576 60.98113207547172 78.685534591195 -43.753896636587314 99.14629477713979 53.17445993984144 28.141919606234666 20.817336614711536 -1.456385015039615 62.326770576975655 49.85479901558655 22.26743232157509 48.41618813234895 19.208914410719164 84.80175006836205 -34.23407164342359 
0.0 0.0 0.0 199.2078987460447 -48.659205437712345 234.6369389429272 334.46900269541754 233.62623539982013 270.49748037032674 451.7838196804559 274.8145630688697 494.8511660611738 318.66885425211893 250.917926481503 75.29149576155324 -49.229227704207105 155.5263096214696 209.3793898199146 -4.2157896792843985 146.37306144771276 -194.39696863158701 
0.0 0.0 -3.552713678800501E-15 209.72459861713347 -34.811086370561284 309.65568967537786 404.1994609164419 192.75292003593884 347.1560998476502 516.5404117348332 229.78303839993745 483.5928747216686 387.01175827180737 282.58861674284145 -42.51654361498491 -50.58924176725649 110.34677135825628 258.9916012344231 64.24489237860851 60.77901480526581 -192.6932302043048 
0.0 0.0 0.0 212.93296613148948 -1.0850814484939661 402.38087425290024 489.2749326145551 326.3441150044922 461.12820813313 645.5349427712016 351.5054884956443 637.5034571662951 495.7569045665843 393.2692292667681 77.19086683073564 -101.31278565568961 108.10312902847778 329.6022110238679 50.003437634282534 156.41259424196252 -232.68447986249447 
0.0 0.0 0.0 474.3489980077346 -198.71088714402885 797.1988749560525 1040.016172506738 613.7457322551659 905.3604828313602 1262.5412711434033 753.7552248134691 1317.7354974803695 948.9660924254848 694.1530919176529 11.815149029259114 -293.0183991562169 296.77077229579305 700.3099339817958 12.725692409859654 231.1223094652134 -547.6088909723034 
0.0 2.8421709430404007E-14 0.0 35.61338333528652 35.54775577170987 -12.030587132309947 11.064690026954096 19.31626235399815 -130.94937302238378 -84.95085745536947 53.13684128286256 -81.7536622524319 -115.33852884878326 -32.358646822141516 66.05769756631122 -9.81272705965073 40.51787179186686 -15.615336536583499 11.583929059728877 30.72112191882494 45.54994335716245 
0.0 0.0 0.0 464.13699753896617 -235.17227235438855 895.5397867104178 1051.4905660377353 600.1761006289304 977.2100082034448 1321.4137270987137 660.2466502597755 1457.6144380639857 1039.8796828001086 718.5616625649436 -94.36560021875837 -341.9639048400326 187.48154224774427 715.6573694284928 97.91605140825801 157.71971561389103 -586.2619633579434 
-7.105427357601002E-15 2.8421709430404007E-14 0.0 43.61197703035273 90.39212469237081 -70.29532403609522 39.24528301886785 11.754716981132031 -33.37325676784257 19.0836751435602 28.74651353568494 -78.93191140278927 -24.90073831009032 -52.313371616078804 88.47662018047582 31.670221493027096 82.82772764561115 3.357670221492981 10.994257588187029 -6.393765381460215 22.666119770303563 
0.0 0.0 1.1102230246251565E-16 4.029415211531703 -0.07804992382514486 112.7874135708426 48.805929919137476 -8.615453728661274 74.28290167584672 75.38880425016603 -21.946755732645805 36.478378061643035 31.20399234345092 42.19188249540998 -10.984686901832102 10.481659439821875 -5.814484940817999 42.42571975467793 34.97285050197274 56.7641704754092 34.292198914020084 
0.0 2.8421709430404007E-14 -3.552713678800501E-15 144.38919489042541 -49.929098792921494 221.01593812258278 326.7708894878705 133.65768194070074 275.5598265557247 409.4431032462203 209.02320403140743 413.58045236142016 290.59146841673487 194.22008672213752 23.06316652994264 -136.90601195359187 92.24739247626869 189.72037970233202 -36.55842025079109 27.545060353920064 -214.65182233680997 
0.0 0.0 0.0 -53.41181296144384 130.09269893355204 -221.02378999179652 -193.28301886792454 -128.0503144654088 -223.96062346185394 -258.77659283565765 -23.412086409625385 -300.6972928630024 -216.18922614164615 -186.3530216024064 26.45228329231605 98.25676784249384 27.402789171451936 -133.29340989882414 -69.28657369428491 -17.031719989062072 52.24254853705223 

1.0 3.4615384615384617 0.6538461538461539 2.576923076923077 2.6153846153846154 0.34615384615384615 2.3076923076923075 1.4615384615384615 1.4230769230769231 1.4615384615384615 2.923076923076923 0.5384615384615384 1.2692307692307692 3.6153846153846154 3.3846153846153846 2.230769230769231 3.8076923076923075 3.230769230769231 0.34615384615384615 1.7307692307692308 0.6923076923076923 
0.0 1.0 0.04456255110384301 0.4501226492232216 0.9223221586263286 -0.5122649223221585 0.11038430089942763 0.05396565821749798 -0.4076042518397383 -0.3180703188879803 0.5650040883074408 -0.6811120196238756 -0.3937040065412919 0.5609157808667211 1.0122649223221585 0.6434995911692559 1.051103843008994 0.4627964022894522 -0.21463614063777595 0.3937040065412919 0.25102207686017985 
0.0 0.0 1.0 -7.15867807336224 3.106293214578691 -12.371147310441808 -15.789757412398915 -8.30548068283917 -14.661549279268714 -19.659127309660523 -10.486425250986363 -20.612445798663995 -14.658189773038 -10.835892027032301 0.379546076018592 4.326028360482829 -3.3712645025196335 -11.101293019258557 -0.479042150083986 -3.0186726043986076 8.997460838313993 
0.0 -1.4210854715202004E-14 0.0 1.0 -0.5329710891361075 1.103531451723664 1.774910726548551 0.8410589204779562 1.511442452959758 1.3425439500068665 0.7022558714462298 1.7903619008377962 1.5120948358741928 1.5620278807856065 -0.28571796456530674 -0.13866570526026623 -0.12100844664194449 1.353531451723664 -0.04484274138167847 -0.08076672160417529 -0.6475501304765827 
0.0 -4.8430565405182754E-14 -7.105427357601002E-15 0.0 -18.537871318696375 226.2954350363961 161.27137902956815 99.53862793572313 249.0492757568623 478.9825610198754 230.0350888810407 433.06292061529996 179.92555354445034 -36.729543135754454 6.57141017717349 -203.20126503423782 212.34733871917135 62.16448265544358 31.90277042007569 138.53267432848702 -162.79330620793846 
0.0 -6.963695572224913E-14 -7.105427357601002E-15 -5.6843418860808015E-14 82.78412379578947 199.99171645378362 51.98467881177987 111.9014215080345 121.41534350658264 470.28826618203925 286.7701674612984 408.21609325642066 108.7686064021816 -139.9497297270783 185.67076122785335 -190.01427639452976 241.58716301724652 8.64647835854555 104.83060607844288 198.76637701846283 -211.38781589067435 
0.0 -2.2663266414646184E-14 -1.7763568394002505E-15 0.0 106.78653466949203 64.99039451998348 -37.07239243039618 40.18551709929952 -10.10001692271473 146.905648507858 87.8373138501383 2.679594149155321 42.13459076461237 -109.52833451056574 67.70284816646065 -55.286280828771574 124.73712034257463 13.859442139031046 19.37756783801283 91.49943713579373 12.5444221260816 
0.0 -4.575181009015452E-15 0.0 0.0 34.52657479349384 -10.678864510369479 -42.61535650518968 2.318397198187057 33.8182218396217 12.452166352737976 23.368495791394402 -2.0261811564346033 -52.659759010732486 -40.637645437243734 -6.628167490729307 -10.799902387819564 49.73434648890458 -29.5479121294171 10.930082210057485 70.06501142896383 41.723226548551054 
0.0 1.6956841618183287E-14 3.552713678800501E-15 1.4210854715202004E-14 6.527256607216394 -169.19805830243092 -113.06181205485893 -70.34456118665015 -205.96231752898933 -228.41833318617915 -112.8563261522161 -191.32236299958788 -114.25649317205242 -113.21803078462534 -47.96531211372066 101.90750632762374 -47.43992804167407 -78.87662973100237 9.965065630702236 -51.02201056566011 114.75018026370003 
7.105427357601002E-15 -4.450041031542453E-15 0.0 -3.552713678800501E-15 53.77915121549239 28.576843840131872 7.864853728883368 53.51586320560364 -88.98557890399668 58.96909765142154 32.15863205603628 -25.436753193242666 -24.433868974042035 -48.20189534404616 70.87721466831479 54.004532344458184 25.88875154511745 7.910177173465179 20.550885867325917 87.21878862793574 -14.855377008652663 
0.0 -2.962234569665627E-14 0.0 -2.8421709430404007E-14 57.512845321482516 14.804757244883803 -19.10723360213484 66.08065512978979 -30.593794759354125 184.3384604253731 134.91964653599376 138.19693380030196 17.44761929287563 -60.25036543253486 132.20877111660485 -21.605923931171112 179.63214800753423 -60.254766564639965 4.717238605372074 162.4624303470873 -65.39986780661988 
0.0 -3.118618589139934E-14 -3.552713678800501E-15 0.0 76.96606137304532 78.21799890124981 31.95702120980235 16.36217552533992 30.169438067769306 234.97592069378226 82.50270763435162 108.1099436890537 69.88827574705198 -45.00705358369146 17.40554182117841 -21.507632389585424 135.72521925952088 -24.877239193988316 73.64951831577295 77.71778307532324 -56.88603900563109 
0.0 -3.166327225308691E-14 0.0 -2.8421709430404007E-14 112.40203342358788 167.40264901799185 111.33792699197505 147.25494437577245 139.29228348735444 359.6630773343533 201.97206280534456 256.27638717209146 173.7820660917846 60.66199943100423 138.02964050267823 -71.78628573390624 133.8698164989111 41.39074425608709 59.55193556615062 173.61049183785582 -94.79970986128268 
0.0 -7.053600830236469E-14 0.0 -5.6843418860808015E-14 54.10341495477476 273.7398365609116 198.08904781525257 214.79027606098043 188.40926972354634 625.7068936763 420.6408558479015 468.47912374673774 231.70542213589147 -46.79326819314474 147.34517923362182 -227.24246080797377 354.17100771087183 58.263646084721245 33.99680185217881 269.4339229305236 -240.4441354209585 
0.0 2.3125975881553744E-14 0.0 0.0 54.52865947573923 -51.331075745090025 -52.145886063531364 -10.636691388545565 -184.77695248886542 -132.76338979143375 28.127133733592284 -145.51450693586057 -169.18934187807804 -87.98774452096455 76.2330809641533 -4.874372142759012 44.827391988934 -63.81917098318522 13.180930798359709 33.597498136048806 68.61139438263979 
0.0 -6.901747710935254E-14 0.0 -5.6843418860808015E-14 12.199328732317127 383.35001201757973 227.68883051778573 209.8095385249277 275.6936461337725 698.2894090784226 334.30371858261213 626.6412409009746 338.06052568328494 -6.433268095042081 38.246677997527854 -277.6040207389094 243.6460393489906 87.4333453509131 118.72922675456661 195.2065392803185 -285.70999004257646 
-7.105427357601002E-15 2.193657973303857E-14 0.0 7.105427357601002E-15 113.63604758961681 -118.42251236093946 -38.16208281829422 -24.92552533992585 -99.29025030902352 -39.467320766378286 -1.8802533992583719 -157.0131334981459 -90.84618355995059 -120.43649567367123 100.93734548825711 37.71770704573549 88.1051452410383 -55.67251236093944 12.949938195302838 -2.8713689740420287 50.907061186650196 
0.0 -5.991766948132993E-16 1.1102230246251565E-16 0.0 2.0695118900465057 108.34082715286361 41.65407763847196 -12.004429336629583 68.19267246453587 69.9791372358585 -24.776436223438694 29.264266584260405 25.111134410500917 35.89782359173583 -9.83341058920478 11.040401141915364 -5.3268916651951255 36.971779533816004 35.153540526222855 57.089613132026614 36.90144725999176 
0.0 6.950941088237654E-15 -3.552713678800501E-15 0.0 27.026167667314226 61.677920271940565 70.49295867914515 12.21786155747833 57.3238676496556 215.5942631997173 107.62504414621222 155.0715389369591 72.26131246689022 -31.3198613808936 64.31775339925838 -116.884182412149 109.71970466184005 -5.714936870916546 -30.08361292601097 39.20690226028606 -121.15258034610626 
0.0 7.942371752266927E-15 0.0 0.0 101.62574680675726 -162.0821744952616 -98.48181911825294 -83.12783271528635 -143.23174186238145 -187.0688864853729 14.096672847136393 -205.070817882159 -135.42549958796866 -102.92228059332508 11.191568809229448 90.85038112896581 20.93950865265754 -60.99884116192824 -71.68170580964151 -21.345617016893286 17.65572208487844 

1.0 3.4615384615384617 0.6538461538461539 2.576923076923077 2.6153846153846154 0.34615384615384615 2.3076923076923075 1.4615384615384615 1.4230769230769231 1.4615384615384615 2.923076923076923 0.5384615384615384 1.2692307692307692 3.6153846153846154 3.3846153846153846 2.230769230769231 3.8076923076923075 3.230769230769231 0.34615384615384615 1.7307692307692308 0.6923076923076923 
0.0 1.0 0.04456255110384301 0.4501226492232216 0.9223221586263286 -0.5122649223221585 0.11038430089942763 0.05396565821749798 -0.4076042518397383 -0.3180703188879803 0.5650040883074408 -0.6811120196238756 -0.3937040065412919 0.5609157808667211 1.0122649223221585 0.6434995911692559 1.051103843008994 0.4627964022894522 -0.21463614063777595 0.3937040065412919 0.25102207686017985 
0.0 0.0 1.0 -7.15867807336224 3.106293214578691 -12.371147310441808 -15.789757412398915 -8.30548068283917 -14.661549279268714 -19.659127309660523 -10.486425250986363 -20.612445798663995 -14.658189773038 -10.835892027032301 0.379546076018592 4.326028360482829 -3.3712645025196335 -11.101293019258557 -0.479042150083986 -3.0186726043986076 8.997460838313993 
0.0 -1.4210854715202004E-14 0.0 1.0 -0.5329710891361075 1.103531451723664 1.774910726548551 0.8410589204779562 1.511442452959758 1.3425439500068665 0.7022558714462298 1.7903619008377962 1.5120948358741928 1.5620278807856065 -0.28571796456530674 -0.13866570526026623 -0.12100844664194449 1.353531451723664 -0.04484274138167847 -0.08076672160417529 -0.6475501304765827 
0.0 -4.8430565405182754E-14 -7.105427357601002E-15 0.0 1.0 -12.207196346657438 -8.699562978782675 -5.369474532673739 -13.434621023918943 -25.838056203184312 -12.408926835576787 -23.360984288338123 -9.705836794917568 1.9813247435109154 -0.3544856938642083 10.961413073857036 -11.454785453441376 -3.353377612064206 -1.720951120633799 -7.472954793292251 8.781661249517533 
0.0 -2.859121608456748E-13 -3.883596253508843E-14 -5.6843418860808015E-14 0.0 1210.553770014982 772.1703774165919 556.4086659392361 1233.5886735002045 2609.2691095490154 1314.0323027905813 2342.134708573697 912.2578011743661 -303.97196257354676 215.01654879254428 -1097.4452532774958 1189.8615400491458 286.25290572969766 247.29803669549392 817.4083917467069 -938.3699479034211 
0.0 -3.016452575393606E-13 -4.2706836494783604E-14 0.0 0.0 1368.5545904096145 891.9237912128094 613.5730954396183 1424.536606819492 2906.0621330414833 1412.943609588649 2497.318152769233 1078.5872681615087 -321.10713792501656 105.55714700412987 -1225.8175980668293 1347.953964298085 371.95501676962374 203.15197434607518 889.5103832532434 -925.2187513512572 
0.0 -9.477655904246846E-14 -1.323377775605361E-14 0.0 0.0 410.79381317136335 257.7507553524604 187.70796125230729 497.66966944420386 904.5517463704786 451.8062362869292 804.5485901245061 282.44954102243344 -109.04600238427336 5.61100933169684 -389.25995072472574 445.22885319057355 86.23273080434548 70.3486297925674 328.08054402796705 -261.47745739404263 
0.0 -9.574886524418266E-17 1.050865064703058E-15 1.4210854715202004E-14 0.0 -89.51855529312333 -56.27753212170458 -35.29662306597533 -118.27109868516614 -59.766710116315835 -31.860076476232692 -38.83922395245449 -50.904005823862725 -126.15064580774829 -45.65149302628181 30.359550416862234 27.328395993547396 -56.98827355616474 21.198155203555658 -2.24411701571384 57.43002385045053 
7.105427357601002E-15 -1.4494916607133563E-13 -2.0613146231613426E-14 -3.552713678800501E-15 0.0 685.0695020842286 475.71996667353625 342.281646046 633.5169366641733 1448.5178293168617 699.5001847685018 1230.8971533920353 497.53779569271984 -154.75585833231636 89.94115440236679 -535.4909588899745 641.9173905867638 188.25197885531287 113.10217641836208 489.1079544829384 -487.12566526968595 
0.0 -1.7987582243597436E-13 -2.2044243243213645E-14 -2.8421709430404007E-14 7.105427357601002E-15 716.8753525391594 481.22938636108876 374.89441338509414 742.0694861420329 1670.358590246884 848.592336236115 1481.7536097330758 575.6579095945233 -174.20198893770416 152.59625199649545 -652.027978552787 838.429451982076 132.60752134253107 103.69403421221574 592.2533234681358 -570.4581929157786 
0.0 -2.3226158474516097E-13 -3.3053229066199984E-14 0.0 0.0 1017.7578221109009 701.5281193534627 429.62948194811077 1064.1793043183197 2223.6293401882604 1037.5689320349838 1906.1128941600332 816.908306181439 -197.50181539268587 44.68890949099762 -865.1644237673675 1017.3549394841566 233.21902790314152 206.10434788648504 652.8816803338478 -732.7759176932915 
0.0 -3.2531586794816937E-13 -4.308285830706195E-14 -2.8421709430404007E-14 -1.4210854715202004E-14 1539.516340783281 1089.186495703713 750.79480026447 1649.371004851128 3263.9131342852183 1596.7606717287035 2882.0985239577844 1264.7378579179983 -162.0429306120914 177.87455331258673 -1303.871404431338 1421.4109938966571 418.3172066892393 252.99034094799197 1013.5858062864527 -1081.876291144179 
0.0 -2.118822789482451E-13 -2.0737434096415425E-14 -5.6843418860808015E-14 0.0 934.1908459385296 668.7651135815281 505.29718479132305 915.268145740774 2023.6339700619728 1092.0061735765526 1732.388150450669 756.8243377346378 -153.98970295147848 166.52406582428833 -820.2923408335541 973.9140183163286 239.69282653028267 127.1061344487139 673.7462970502872 -715.5619979958715 
0.0 -1.1933125471391884E-13 -2.0900427139197173E-14 0.0 7.105427357601002E-15 614.3109769952813 422.2296211942567 282.15355696727477 547.7949225100177 1276.151178427015 704.7692796101212 1128.3286503410234 360.05692763908223 -196.02672677072763 95.56271065389586 -602.5855330200254 669.4414873472899 119.03601491863142 107.02208842979196 441.0877053370752 -410.2408215235964 
0.0 -1.0088847124415042E-13 -4.6759114155437835E-15 -5.6843418860808015E-14 -1.7763568394002505E-15 532.2696131503944 333.8176591234516 275.31352346881954 439.5870043986587 1013.4963505051538 485.6842962650851 911.6295677449068 456.4652193667036 -30.60409996660566 42.57116550788086 -411.32590219761016 383.3867326536863 128.34230120407696 139.72367520742787 286.3715714054357 -392.84036244129163 
-7.105427357601002E-15 -2.7493990303900884E-13 -4.3555846702775206E-14 7.105427357601002E-15 1.4210854715202004E-14 1268.7550326236214 950.4218698475222 585.2403381862226 1427.3669837134958 2896.6672635618675 1408.2211470244183 2497.6367888317354 1012.086748364356 -345.58640851776295 141.2196986660486 -1207.8939506645304 1389.7816901571528 325.39206554954416 208.5120216390496 846.3256775515711 -947.0062144794178 
0.0 -6.0058185483801685E-15 -6.822061188388288E-16 0.0 0.0 133.60376513640344 59.657926661271105 -0.8922379479593747 95.99578041180489 123.4513017640383 0.9039854055046312 77.61010133216575 45.19747906043369 31.797448476996646 -9.099798230901415 -11.64437354614299 18.378923028633558 43.911634373798634 38.71506933256336 72.55498193052496 18.727694889754574 
0.0 -6.365547096206141E-14 -1.3911641508921523E-14 0.0 -3.552713678800501E-15 391.5916554845302 305.60880637608534 157.33418056289253 420.4101879889137 913.8979023444649 442.9907813759455 786.4294171870786 334.5728850379202 -84.86747610241797 73.89814319729669 -413.12917001689954 419.29865691965875 84.9140087245485 16.427100607490402 241.172231474062 -358.4872296731233 
0.0 -2.5755695624292335E-13 -3.8952388285762736E-14 0.0 0.0 1078.4832706505194 785.6177654929542 462.54902662754637 1222.071652759143 2438.7428711981997 1275.1631295830387 2169.0066565611255 850.9374130800325 -304.27588731932866 47.21644218049114 -1023.111408559108 1185.040634869817 279.790662989157 103.21123704269412 738.0989947045681 -874.787160601302 

1.0 3.4615384615384617 0.6538461538461539 2.576923076923077 2.6153846153846154 0.34615384615384615 2.3076923076923075 1.4615384615384615 1.4230769230769231 1.4615384615384615 2.923076923076923 0.5384615384615384 1.2692307692307692 3.6153846153846154 3.3846153846153846 2.230769230769231 3.8076923076923075 3.230769230769231 0.34615384615384615 1.7307692307692308 0.6923076923076923 
0.0 1.0 0.04456255110384301 0.4501226492232216 0.9223221586263286 -0.5122649223221585 0.11038430089942763 0.05396565821749798 -0.4076042518397383 -0.3180703188879803 0.5650040883074408 -0.6811120196238756 -0.3937040065412919 0.5609157808667211 1.0122649223221585 0.6434995911692559 1.051103843008994 0.4627964022894522 -0.21463614063777595 0.3937040065412919 0.25102207686017985 
0.0 0.0 1.0 -7.15867807336224 3.106293214578691 -12.371147310441808 -15.789757412398915 -8.30548068283917 -14.661549279268714 -19.659127309660523 -10.486425250986363 -20.612445798663995 -14.658189773038 -10.835892027032301 0.379546076018592 4.326028360482829 -3.3712645025196335 -11.101293019258557 -0.479042150083986 -3.0186726043986076 8.997460838313993 
0.0 -1.4210854715202004E-14 0.0 1.0 -0.5329710891361075 1.103531451723664 1.774910726548551 0.8410589204779562 1.511442452959758 1.3425439500068665 0.7022558714462298 1.7903619008377962 1.5120948358741928 1.5620278807856065 -0.28571796456530674 -0.13866570526026623 -0.12100844664194449 1.353531451723664 -0.04484274138167847 -0.08076672160417529 -0.6475501304765827 
0.0 -4.8430565405182754E-14 -7.105427357601002E-15 0.0 1.0 -12.207196346657438 -8.699562978782675 -5.369474532673739 -13.434621023918943 -25.838056203184312 -12.408926835576787 -23.360984288338123 -9.705836794917568 1.9813247435109154 -0.3544856938642083 10.961413073857036 -11.454785453441376 -3.353377612064206 -1.720951120633799 -7.472954793292251 8.781661249517533 
0.0 -2.859121608456748E-13 -3.883596253508843E-14 -5.6843418860808015E-14 0.0 1.0 0.6378654104782437 0.4596315171794062 1.0190284017577653 2.155434293114235 1.0854803275482083 1.9347630535607767 0.7535871794964348 -0.2511015785525865 0.17761833808496022 -0.906564648725941 0.9829068063902852 0.2364644287763896 0.20428504938895306 0.6752350965266007 -0.775157594108197 
0.0 2.15840032099886E-14 1.1979747716447379E-15 6.426259100871867E-14 0.0 0.0 18.970155639295967 -15.45772729319367 29.94060983612917 -43.76736312630601 -72.5954754767838 -150.51070553629097 47.26207438782876 22.539080062226162 -137.52324492296935 14.865613450137062 2.7923424678060655 48.34053729910835 -76.42326774723136 -34.58570770391532 135.62673235638863 
0.0 2.2459356992606413E-15 -5.503796511335278E-17 1.9289456912962508E-14 0.0 -5.6843418860808015E-14 -4.280408908014294 -1.1058223435599928 79.05910655621142 19.112674061759662 5.897633410900141 9.759897769203803 -27.119409999959714 -5.895027437307718 -67.35350505938437 -16.84880178823886 41.4568182014213 -10.905393572095875 -13.570404619820934 50.69814393867108 56.95248649840357 
0.0 -2.123850535702988E-14 -1.820993538914321E-15 1.0007372920024549E-14 0.0 0.0 0.823257895762886 5.848926319111506 -27.04914835715053 133.18465383252504 65.31055424498922 134.35796943681805 16.55602977207773 -148.62889635159854 -29.751356007350626 -50.794807216901845 115.31679328938341 -35.820319513888684 39.48545769283908 58.20195330856014 -11.96096409860855 
7.105427357601002E-15 1.68525700613338E-14 1.3646743129011048E-15 2.8615781121109995E-14 0.0 0.0 38.73782752045378 27.402111429685647 -64.58834313770626 -28.104468642178745 -44.129282747174784 -94.55000836180784 -18.72179814196096 17.26617505926791 -31.739752030525096 85.56883361986945 -31.44208586222817 26.2574103728401 -26.847280649780046 26.52498311566393 43.9111617628252 
0.0 -1.056208670745788E-14 9.53945703977479E-16 5.240278120027994E-15 7.105427357601002E-15 -1.1368683772161603E-13 23.9593953519622 45.395907468998644 11.553141384518767 125.18087149562257 70.43824375067084 94.76966363195334 35.429834624025716 5.806543710320739 25.266043264419977 -2.134126397838827 133.807788637901 -36.90799939951418 -42.75288258696958 108.1939255988155 -14.766819366058144 
0.0 8.115460327123784E-15 -4.0238312417878266E-16 4.779038784902357E-14 0.0 0.0 52.33560838524954 -38.16408994993077 27.055177476184326 29.919228325167296 -67.18716207470811 -63.007337532619204 49.939059606450996 58.058780323603884 -136.0835434453092 57.49883872268015 16.993848874399077 -7.444494135014992 -1.8083590694336351 -34.3441209199093 56.146787078992816 
0.0 3.8291643385364025E-14 6.306603287920302E-15 4.3868654178243825E-14 -1.4210854715202004E-14 0.0 107.18227305202186 43.18456882776286 80.56012862277794 -54.413181448807336 -74.35403013055156 -96.50081254278984 104.57808087845342 224.53205276609216 -95.57178059197895 91.7996862587031 -91.79009600829568 54.276354574003165 -61.509830764020876 -25.9496586866253 111.49149166764414 
0.0 8.757671147675243E-15 9.232486771322892E-15 -1.2977047232425743E-14 0.0 0.0 72.87708617193027 75.9136289374838 -36.698858932700546 10.046984412668735 77.96038813465952 -75.04978324588569 52.83009303243284 80.58709313306244 0.5946403145035788 26.61205525769867 55.69147737584956 18.789921777296087 -63.73508865254644 42.947851018717415 8.583130579740441 
0.0 2.5758524207479073E-14 -1.192621770760666E-15 2.884591914963249E-14 7.105427357601002E-15 -1.1368683772161603E-13 30.381897691870677 -0.20312940902965693 -78.20541055973513 -47.95576802512437 37.94679908482328 -60.217531346271244 -102.8799488484911 -41.772270725030836 -13.550184147354244 -45.672917951808586 65.63104681836194 -26.226679347623588 -18.47245984586509 26.28337348831593 65.94699743832183 
0.0 2.4824536321335288E-14 1.2399912283405913E-14 -3.184987845259165E-14 -1.7763568394002505E-15 0.0 -5.698716153820726 30.665633628008152 -102.81084879421178 -133.77582686185417 -92.08389776136323 -118.18601431156367 55.35366286103937 103.04964011103296 -51.969678593016894 71.21091267556972 -139.78469294656043 2.479471175439059 30.988950996760607 -73.03555220834738 19.752470305268844 
-7.105427357601002E-15 2.4718403718199275E-14 -2.852720469426605E-15 6.668177624649842E-14 1.4210854715202004E-14 0.0 141.1269201667185 2.0805376124204713 134.46957059692545 161.9491566836432 31.012518633691798 42.89642769225475 55.969221857614 -27.000017029433195 -84.13446166548854 -57.68549019482725 142.71373294946693 25.376631503029955 -50.67566286294962 -10.382249370650584 36.478884121775536 
0.0 2.5549112866846752E-14 3.603956913241855E-15 6.273570799697405E-15 0.0 0.0 -25.563293828899745 -62.30073921848554 -40.15025084396417 -164.52283530014574 -144.1202733364325 -180.88152727035902 -55.48460547881268 65.34556480331658 -32.83027695632275 109.47607686320373 -112.9411270833065 12.319096368444075 11.4218175731231 -17.65896931767172 122.29166803668568 
0.0 2.883180152591028E-14 -1.3489291056036156E-15 1.8387789990385052E-14 -3.552713678800501E-15 0.0 55.82603431059053 -22.6536861622574 21.36716915883551 69.84781921573347 17.92574291545253 28.792350072909244 39.47443386699348 13.461806737768171 4.344284142196145 -58.126018418556725 34.4005534182744 -7.683488403201679 -63.56922007346873 -23.244197816046125 -54.94198413488897 
0.0 -2.837595578931918E-15 -4.353399846624799E-15 5.0641844919621317E-14 0.0 0.0 97.69059136554176 -33.15587531416003 123.06656914565679 114.1430450880689 104.49075570204968 82.397070623113 38.206247016417365 -33.46703561642681 -144.3419640048865 -45.39660114501589 124.99208756936537 24.767732449889536 -117.10677116730686 9.86923934454046 -38.79266323790591 

1.0 3.4615384615384617 0.6538461538461539 2.576923076923077 2.6153846153846154 0.34615384615384615 2.3076923076923075 1.4615384615384615 1.4230769230769231 1.4615384615384615 2.923076923076923 0.5384615384615384 1.2692307692307692 3.6153846153846154 3.3846153846153846 2.230769230769231 3.8076923076923075 3.230769230769231 0.34615384615384615 1.7307692307692308 0.6923076923076923 
0.0 1.0 0.04456255110384301 0.4501226492232216 0.9223221586263286 -0.5122649223221585 0.11038430089942763 0.05396565821749798 -0.4076042518397383 -0.3180703188879803 0.5650040883074408 -0.6811120196238756 -0.3937040065412919 0.5609157808667211 1.0122649223221585 0.6434995911692559 1.051103843008994 0.4627964022894522 -0.21463614063777595 0.3937040065412919 0.25102207686017985 
0.0 0.0 1.0 -7.15867807336224 3.106293214578691 -12.371147310441808 -15.789757412398915 -8.30548068283917 -14.661549279268714 -19.659127309660523 -10.486425250986363 -20.612445798663995 -14.658189773038 -10.835892027032301 0.379546076018592 4.326028360482829 -3.3712645025196335 -11.101293019258557 -0.479042150083986 -3.0186726043986076 8.997460838313993 
0.0 -1.4210854715202004E-14 0.0 1.0 -0.5329710891361075 1.103531451723664 1.774910726548551 0.8410589204779562 1.511442452959758 1.3425439500068665 0.7022558714462298 1.7903619008377962 1.5120948358741928 1.5620278807856065 -0.28571796456530674 -0.13866570526026623 -0.12100844664194449 1.353531451723664 -0.04484274138167847 -0.08076672160417529 -0.6475501304765827 
0.0 -4.8430565405182754E-14 -7.105427357601002E-15 0.0 1.0 -12.207196346657438 -8.699562978782675 -5.369474532673739 -13.434621023918943 -25.838056203184312 -12.408926835576787 -23.360984288338123 -9.705836794917568 1.9813247435109154 -0.3544856938642083 10.961413073857036 -11.454785453441376 -3.353377612064206 -1.720951120633799 -7.472954793292251 8.781661249517533 
0.0 -2.859121608456748E-13 -3.883596253508843E-14 -5.6843418860808015E-14 0.0 1.0 0.6378654104782437 0.4596315171794062 1.0190284017577653 2.155434293114235 1.0854803275482083 1.9347630535607767 0.7535871794964348 -0.2511015785525865 0.17761833808496022 -0.906564648725941 0.9829068063902852 0.2364644287763896 0.20428504938895306 0.6752350965266007 -0.775157594108197 
0.0 2.15840032099886E-14 1.1979747716447379E-15 6.426259100871867E-14 0.0 0.0 1.0 -0.8148445161500713 1.5783006953357996 -2.3071694275213828 -3.8268255072406996 -7.934078581016682 2.4913909662357825 1.1881336395331044 -7.24945264223848 0.7836316018063394 0.1471966029641756 2.548241470353186 -4.0286052049527425 -1.8231641511824141 7.149479157432053 
0.0 7.116130829302975E-15 2.152719881430367E-16 3.378961032425035E-14 0.0 -5.6843418860808015E-14 0.0 -4.593690069135356 85.81487891205192 9.237045491898897 -10.48274457970927 -24.20120286586542 -16.45523791473773 -0.8093296227387734 -98.38412672744973 -13.494538099265494 42.0868798519786 0.002121917375347948 -30.814482225973407 42.894255865177556 87.55518077153826 
0.0 -2.2175197780785557E-14 -1.8729826848356284E-15 7.218535207986035E-15 0.0 0.0 1.1102230246251565E-16 6.519753500851141 -28.348496866473777 135.08404928059477 68.46101855953194 140.88976227424322 14.504972487691795 -149.60703675156566 -23.783186879668683 -51.43993812045823 115.19561252376369 -37.91817942466737 42.80203873672788 59.70288759129291 -17.84682926555667 
7.105427357601002E-15 -2.722284025409203E-14 -1.0816387780520663E-15 -1.0261103714265386E-13 0.0 0.0 7.105427357601002E-15 58.96741775229472 -125.72828324903674 61.270262701608644 104.11362370318844 212.798959243343 -115.23287167801936 -28.759540940214478 249.088294042207 55.21264778951857 -37.14416247945112 -72.45592818616915 129.21213292768164 97.15040154564278 -233.0441286988568 
0.0 -3.782278377390169E-14 -5.591020390814255E-16 -7.592367507020973E-14 7.105427357601002E-15 -1.1368683772161603E-13 0.0 64.91908938181655 -26.26198895930851 180.4592559535677 162.12666902162402 284.86538910806735 -24.26238651232451 -22.660419890218655 198.95854520513873 -20.90946575580833 130.2810470330165 -97.96232423997165 53.770062235465915 151.87583628851954 -186.0640170595863 
0.0 -5.143133311319906E-14 -3.7074028454895455E-15 -1.2949976521049958E-13 0.0 0.0 0.0 4.4812935421675135 -55.54614962907715 150.6663439623468 133.09207903092508 352.22749198126627 -80.4494023370134 -4.122916544341912 243.32097104629645 16.48700209223776 9.29022510602692 -140.80826179847185 209.0311452757511 61.07228411839941 -318.02555426287495 
0.0 -8.365899158025251E-14 -4.62010608840808E-16 -3.1921801245189427E-13 -1.4210854715202004E-14 0.0 0.0 130.52145625270242 -88.60572746289972 192.87448210906646 335.8138263089631 753.8917643439383 -162.4548659439708 97.18518859136246 681.4410319861271 7.808269941702775 -107.566962499532 -218.8499585038777 370.2852323320205 169.46121918406587 -654.8059355639772 
0.0 -7.416095597266273E-14 4.630262502582408E-15 -2.5985274354314463E-13 0.0 0.0 0.0 135.29712295767737 -151.7208147119051 178.18676959538757 356.84828039078076 503.16274519773333 -128.73522110190092 -6.000624498960747 528.913625222245 -30.496732514189674 44.96421785741393 -166.9184914445194 229.85792002148145 175.8147419700123 -512.4500780608547 
0.0 -8.809614809182103E-15 -3.111253733598022E-15 -7.407466318850371E-14 7.105427357601002E-15 -1.1368683772161603E-13 -3.552713678800501E-15 24.553393315423676 -126.15718081243575 22.140417479642124 154.21302013045133 180.83483238144012 -178.57313429511748 -77.87002540559557 206.70194435119686 -69.48113310600553 61.15893468651345 -103.64709099407621 103.92421133194686 81.6745602050263 -151.26774687294056 
0.0 3.130846350125195E-14 1.275978904524438E-14 -1.2545120366729636E-14 -1.7763568394002505E-15 0.0 0.0 26.022066020971508 -93.81656112611518 -146.9237305480716 -113.891890097329 -163.40007608688646 69.55139280581025 109.82047647553807 -93.28225147169967 75.67660674342791 -138.94586128746096 17.001176006376642 8.031073437930154 -83.42524720775745 60.495322671131476 
-7.105427357601002E-15 -1.3585402150663166E-13 -1.1764955728553042E-14 -4.1139450965425884E-13 1.4210854715202004E-14 0.0 0.0 117.07703459141995 -88.27114563280625 487.55287229254697 571.080616486012 1162.6085021918673 -295.63311213842695 -194.6776583232143 938.9584626281079 -168.27700470306826 121.94032971412956 -334.24883904902555 517.8689822796428 246.91529224409305 -972.5050901627554 
0.0 5.463470533915665E-14 5.218291643512948E-15 9.287083059019502E-14 0.0 0.0 0.0 -83.13084900969746 0.19631358126165566 -223.50168528892925 -241.94653820995478 -383.70270929846845 8.203553833739072 95.71817413870139 -218.15016494855865 129.50828175379056 -109.17829707111738 77.4605418220701 -91.56260100171875 -64.26505021266436 305.05590446171584 
0.0 -3.468635439605339E-14 -4.874370961574757E-15 -1.7072639962167853E-13 -3.552713678800501E-15 0.0 7.105427357601002E-15 22.835851754133017 -66.74309961140973 198.64793883688768 231.5622349833148 471.72049315966797 -99.6100436951806 -52.8669825883737 409.0524760808027 -101.87306310786045 26.18315081079396 -149.9417041588083 161.33183232204667 78.53582664170197 -454.0690528805426 
0.0 -1.1398871514337804E-13 -1.0522609320085799E-14 -2.802911551934269E-13 0.0 0.0 0.0 46.446767339509194 -31.118559134343258 339.53179084313126 478.3356025571329 857.4818991433111 -205.17920979792473 -149.5365134837092 563.8613516918799 -121.95003573820394 110.6123643787962 -224.1714837311109 276.45005368282614 187.97522343000648 -737.2295100830584 

1.0 3.4615384615384617 0.6538461538461539 2.576923076923077 2.6153846153846154 0.34615384615384615 2.3076923076923075 1.4615384615384615 1.4230769230769231 1.4615384615384615 2.923076923076923 0.5384615384615384 1.2692307692307692 3.6153846153846154 3.3846153846153846 2.230769230769231 3.8076923076923075 3.230769230769231 0.34615384615384615 1.7307692307692308 0.6923076923076923 
0.0 1.0 0.04456255110384301 0.4501226492232216 0.9223221586263286 -0.5122649223221585 0.11038430089942763 0.05396565821749798 -0.4076042518397383 -0.3180703188879803 0.5650040883074408 -0.6811120196238756 -0.3937040065412919 0.5609157808667211 1.0122649223221585 0.6434995911692559 1.051103843008994 0.4627964022894522 -0.21463614063777595 0.3937040065412919 0.25102207686017985 
0.0 0.0 1.0 -7.15867807336224 3.106293214578691 -12.371147310441808 -15.789757412398915 -8.30548068283917 -14.661549279268714 -19.659127309660523 -10.486425250986363 -20.612445798663995 -14.658189773038 -10.835892027032301 0.379546076018592 4.326028360482829 -3.3712645025196335 -11.101293019258557 -0.479042150083986 -3.0186726043986076 8.997460838313993 
0.0 -1.4210854715202004E-14 0.0 1.0 -0.5329710891361075 1.103531451723664 1.774910726548551 0.8410589204779562 1.511442452959758 1.3425439500068665 0.7022558714462298 1.7903619008377962 1.5120948358741928 1.5620278807856065 -0.28571796456530674 -0.13866570526026623 -0.12100844664194449 1.353531451723664 -0.04484274138167847 -0.08076672160417529 -0.6475501304765827 
0.0 -4.8430565405182754E-14 -7.105427357601002E-15 0.0 1.0 -12.207196346657438 -8.699562978782675 -5.369474532673739 -13.434621023918943 -25.838056203184312 -12.408926835576787 -23.360984288338123 -9.705836794917568 1.9813247435109154 -0.3544856938642083 10.961413073857036 -11.454785453441376 -3.353377612064206 -1.720951120633799 -7.472954793292251 8.781661249517533 
0.0 -2.859121608456748E-13 -3.883596253508843E-14 -5.6843418860808015E-14 0.0 1.0 0.6378654104782437 0.4596315171794062 1.0190284017577653 2.155434293114235 1.0854803275482083 1.9347630535607767 0.7535871794964348 -0.2511015785525865 0.17761833808496022 -0.906564648725941 0.9829068063902852 0.2364644287763896 0.20428504938895306 0.6752350965266007 -0.775157594108197 
0.0 2.15840032099886E-14 1.1979747716447379E-15 6.426259100871867E-14 0.0 0.0 1.0 -0.8148445161500713 1.5783006953357996 -2.3071694275213828 -3.8268255072406996 -7.934078581016682 2.4913909662357825 1.1881336395331044 -7.24945264223848 0.7836316018063394 0.1471966029641756 2.548241470353186 -4.0286052049527425 -1.8231641511824141 7.149479157432053 
0.0 7.116130829302975E-15 2.152719881430367E-16 3.378961032425035E-14 0.0 -5.6843418860808015E-14 0.0 1.0 -18.681033683276848 -2.0108116466023436 2.28198777495722 5.268357791151694 3.5821393405051825 0.17618289666005024 21.417232169946548 2.9376248497769235 -9.161889291303533 -4.619200127594469E-4 6.7080020119366575 -9.337646906869209 -19.059879846882723 
0.0 -1.207538299384771E-14 -1.5674504706009564E-15 5.517560825566617E-14 0.0 -8.067698811640937E-14 1.1102230246251565E-16 0.0 93.44723788958852 148.19404555308265 53.58302077485509 106.54136812164558 -8.849693018103466 -150.7557058088551 -163.41826129821936 -70.59252801897864 174.92887230515046 -37.91516782004707 -0.9324808643126374 120.58204370206525 106.41888909195904 
7.105427357601002E-15 6.412417120645143E-14 1.6817242403822197E-15 3.3113308527097593E-13 0.0 -7.296769211652205E-13 7.105427357601002E-15 0.0 975.844033997438 179.84263308798865 -30.44930272834347 -97.86249549605566 -326.462378616518 -39.14859140837703 -1013.8305824209167 -118.01150392679929 503.10879076111974 -72.42868995580861 -266.34142399342073 647.767327526422 890.8677685408197 
0.0 6.274402121457125E-14 2.4831714337324763E-15 4.015989047736775E-13 7.105427357601002E-15 -9.170111661492458E-13 0.0 0.0 1186.4937064700664 310.9993169693429 13.982100690963591 -57.15160123109911 -256.81161053670183 -34.098053106039806 -1191.4286643467378 -211.61739594872182 725.0625568414584 -97.93233681337607 -381.70731995085515 758.0673704514045 1051.286026326877 
0.0 -4.4489316858154465E-14 -3.4973980441737853E-15 -9.653690523093615E-14 0.0 -5.545259737203141E-14 0.0 0.0 28.16904597680518 159.6773812087811 122.86582195170408 328.61843423395027 -96.50202023076346 -4.9124438213849615 147.34406683201266 3.322642823621619 50.347340421199135 -140.80619179930167 178.97061917881268 102.91702090119286 -232.61263779055065 
0.0 1.185330903292263E-13 5.654556455974754E-15 6.408531023507255E-13 -1.4210854715202004E-14 -1.6151036958162664E-12 0.0 0.0 2349.6699931841795 455.3285464734987 37.96545877068252 66.25803338254843 -630.0009091668023 74.18954035247333 -2113.9672997375224 -375.6148033753075 1088.2561698274449 -218.78966803114008 -505.2529588120098 1388.2244914421774 1832.9173380526909 
0.0 1.3542915857686853E-13 1.0970629443056968E-14 7.353465393707327E-13 0.0 -1.674198937063485E-12 0.0 0.0 2375.7692965109154 450.24380019047453 48.10189981447712 -209.6309066567551 -613.388367905764 -29.83766353141533 -2368.7762690881364 -427.9489230179866 1284.5414798275356 -166.85599499575648 -677.7154529878596 1439.1715036640717 2066.296829141394 
0.0 2.922629020536223E-14 -1.960619338347214E-15 1.0653168590774249E-13 7.105427357601002E-15 -4.1751639515309856E-13 -3.552713678800501E-15 3.552713678800501E-15 332.52558675173844 71.51266672190417 98.18247675093818 51.47877140891586 -266.5268104331936 -82.19591336274043 -319.1637808452456 -141.60979145574072 286.11440596825736 -103.63574929032266 -60.780000427787215 310.94547734993523 316.716979552288 
0.0 7.161950396481711E-14 1.397924917503461E-14 1.7886428197591562E-13 -1.7763568394002505E-15 -3.2200326451978104E-13 0.0 0.0 392.3025307201075 -94.598257124447 -173.27392663631565 -300.4936303503355 -23.663273609134947 105.23583350688425 -650.6028809845236 -0.7664610423136935 99.46542672767143 17.013196119445077 -166.52499778549523 159.5596170833135 556.4727743984979 
-7.105427357601002E-15 4.5511173515371826E-14 -6.2784284219491925E-15 4.4978404554319114E-13 1.4210854715202004E-14 -1.4487392088064918E-12 0.0 -1.4210854715202004E-14 2098.8488811076786 722.9727369986397 303.91225482014806 545.8047948372234 -715.0193636180385 -215.30462940989958 -1568.5075689851965 -512.205410857016 1194.5871591948335 -334.19475882371324 -267.48400131118 1340.139302162085 1258.9691219790411 
0.0 -7.414411704565143E-14 1.3225688426700559E-15 -5.18611213624095E-13 0.0 1.0286809948852868E-12 0.0 0.0 -1552.7738768882982 -390.66216466956973 -52.24295704801065 54.260346766826274 305.98983848097265 110.36440791903915 1562.2825287769028 373.7155295877311 -870.8139323900355 77.42214201923484 466.0793014093343 -840.511565333477 -1279.4080892324673 
0.0 6.888899576792967E-16 -3.804224927761648E-15 -2.7536978107920694E-15 -3.552713678800501E-15 -2.825762876396728E-13 7.105427357601002E-15 0.0 359.85421619386585 244.5665355041829 179.45110044964787 351.4130556531962 -181.41124663760476 -56.89026909811635 -80.0282627359453 -168.95622868662355 235.40269645478025 -149.93115582187465 8.148892811035154 291.76894713940595 -18.82046224554125 
0.0 -4.203756737072126E-14 -8.345995792069703E-15 6.135535242969986E-14 0.0 -5.74743400376414E-13 0.0 0.0 836.5550660143509 432.9274915564457 372.3446473020906 612.7837105563978 -371.5580023240718 -157.71963949407933 -430.8998479618791 -258.3932136665533 536.1525046823122 -224.1500290397488 -35.11495507855534 621.6787368118484 148.04029468410351 

1.0 3.4615384615384617 0.6538461538461539 2.576923076923077 2.6153846153846154 0.34615384615384615 2.3076923076923075 1.4615384615384615 1.4230769230769231 1.4615384615384615 2.923076923076923 0.5384615384615384 1.2692307692307692 3.6153846153846154 3.3846153846153846 2.230769230769231 3.8076923076923075 3.230769230769231 0.34615384615384615 1.7307692307692308 0.6923076923076923 
0.0 1.0 0.04456255110384301 0.4501226492232216 0.9223221586263286 -0.5122649223221585 0.11038430089942763 0.05396565821749798 -0.4076042518397383 -0.3180703188879803 0.5650040883074408 -0.6811120196238756 -0.3937040065412919 0.5609157808667211 1.0122649223221585 0.6434995911692559 1.051103843008994 0.4627964022894522 -0.21463614063777595 0.3937040065412919 0.25102207686017985 
0.0 0.0 1.0 -7.15867807336224 3.106293214578691 -12.371147310441808 -15.789757412398915 -8.30548068283917 -14.661549279268714 -19.659127309660523 -10.486425250986363 -20.612445798663995 -14.658189773038 -10.835892027032301 0.379546076018592 4.326028360482829 -3.3712645025196335 -11.101293019258557 -0.479042150083986 -3.0186726043986076 8.997460838313993 
0.0 -1.4210854715202004E-14 0.0 1.0 -0.5329710891361075 1.103531451723664 1.774910726548551 0.8410589204779562 1.511442452959758 1.3425439500068665 0.7022558714462298 1.7903619008377962 1.5120948358741928 1.5620278807856065 -0.28571796456530674 -0.13866570526026623 -0.12100844664194449 1.353531451723664 -0.04484274138167847 -0.08076672160417529 -0.6475501304765827 
0.0 -4.8430565405182754E-14 -7.105427357601002E-15 0.0 1.0 -12.207196346657438 -8.699562978782675 -5.369474532673739 -13.434621023918943 -25.838056203184312 -12.408926835576787 -23.360984288338123 -9.705836794917568 1.9813247435109154 -0.3544856938642083 10.961413073857036 -11.454785453441376 -3.353377612064206 -1.720951120633799 -7.472954793292251 8.781661249517533 
0.0 -2.859121608456748E-13 -3.883596253508843E-14 -5.6843418860808015E-14 0.0 1.0 0.6378654104782437 0.4596315171794062 1.0190284017577653 2.155434293114235 1.0854803275482083 1.9347630535607767 0.7535871794964348 -0.2511015785525865 0.17761833808496022 -0.906564648725941 0.9829068063902852 0.2364644287763896 0.20428504938895306 0.6752350965266007 -0.775157594108197 
0.0 2.15840032099886E-14 1.1979747716447379E-15 6.426259100871867E-14 0.0 0.0 1.0 -0.8148445161500713 1.5783006953357996 -2.3071694275213828 -3.8268255072406996 -7.934078581016682 2.4913909662357825 1.1881336395331044 -7.24945264223848 0.7836316018063394 0.1471966029641756 2.548241470353186 -4.0286052049527425 -1.8231641511824141 7.149479157432053 
0.0 7.116130829302975E-15 2.152719881430367E-16 3.378961032425035E-14 0.0 -5.6843418860808015E-14 0.0 1.0 -18.681033683276848 -2.0108116466023436 2.28198777495722 5.268357791151694 3.5821393405051825 0.17618289666005024 21.417232169946548 2.9376248497769235 -9.161889291303533 -4.619200127594469E-4 6.7080020119366575 -9.337646906869209 -19.059879846882723 
0.0 -1.207538299384771E-14 -1.5674504706009564E-15 5.517560825566617E-14 0.0 -8.067698811640937E-14 1.1102230246251565E-16 0.0 1.0 1.5858579547121507 0.5734040083471004 1.1401232452427141 -0.09470256390627314 -1.6132708597227747 -1.7487757261622252 -0.7554265873795694 1.8719533745003316 -0.40573877491002236 -0.009978688352612404 1.290375686058667 1.1388125694811548 
7.105427357601002E-15 1.9022410437626102E-13 1.805018225868861E-14 -2.450507523089954E-13 0.0 1.1281087528843824E-13 5.946051714773406E-15 0.0 0.0 -1367.7073907852428 -590.0021833440785 -1210.444962387956 -234.04744662432023 1535.1521522740102 692.7017767540281 619.1670244905977 -1323.6257416664005 323.509072901566 -256.6037804974042 -611.4380873292793 -220.43568322865826 
0.0 2.1606440016835378E-13 2.2384991547120614E-14 -2.989623255470705E-13 7.105427357601002E-15 1.073394815411667E-13 -1.4096431967869589E-15 0.0 0.0 -1570.6111656521157 -666.3581464775805 -1409.9006563118073 -144.4476144753295 1880.0376687865858 883.4827287723626 684.6914956772969 -1495.9983408085882 383.47416608824034 -369.86766902165436 -772.9552600391983 -299.9079202115188 
0.0 -4.0849273273954254E-14 -3.024900564634664E-15 -1.1316922396879387E-13 0.0 -3.11330579308929E-14 -3.346693185530543E-17 0.0 -3.552713678800501E-15 115.0052755698123 106.71357807729022 296.5022501194839 -93.83433935396633 40.5318571991859 196.60541066539724 24.602289095617742 -2.3838002515363144 -129.37691759428864 179.25170930980562 66.56836887325474 -264.69190141922894 
0.0 4.221607385896755E-13 4.506707864229216E-14 -7.465016659860762E-13 -1.4210854715202004E-14 4.1346667607189133E-13 -2.7915835562589227E-15 0.0 0.0 -3270.9143031660774 -1309.34473361403 -2612.655344496024 -407.4811364786252 3864.84367032152 1995.0785488347315 1399.388381043993 -3310.216502875851 734.5625564462495 -481.80633421854 -1643.7325380243217 -842.9163843181523 
0.0 4.4242939537669563E-13 5.082093198763585E-14 -6.67418475096653E-13 0.0 3.76904077114491E-13 -2.8225914791621707E-15 0.0 0.0 -3317.3888372422507 -1314.1737377128527 -2918.30070694278 -388.3969242763774 3802.921711953721 1785.9114076116584 1366.7703690464145 -3162.7878718103516 797.0857288394279 -654.008391580272 -1626.4634322383176 -639.2591079126378 
0.0 7.219571237304033E-14 3.617045654348555E-15 -8.980693173312878E-14 7.105427357601002E-15 -1.3043286634436725E-13 -3.947778927411666E-15 3.552713678800501E-15 0.0 -455.8256801736656 -92.48902757048012 -327.64137968471385 -235.0357848033661 454.2579258560567 262.3488935940459 109.58887776051398 -336.3579882593621 31.28277490456405 -57.46183122832204 -118.1374547869001 -61.967338314687936 
0.0 1.2231338657586007E-13 2.0559591197788928E-14 -5.2769431781297E-14 -1.7763568394002505E-15 1.6688250860682843E-14 -4.660847255205041E-16 0.0 -5.6843418860808015E-14 -716.7343461206374 -398.2217702359368 -747.766864791874 13.48878187697872 738.1260745131324 35.44626205081113 295.58930095994583 -634.9066194788538 176.1855443279229 -162.61033309149812 -346.65803013719653 109.7137213751725 
-7.105427357601002E-15 3.1672736628855294E-13 2.892691034150998E-14 -7.89474238245452E-13 1.4210854715202004E-14 3.632865938109353E-13 -2.4935893298073737E-15 -1.4210854715202004E-14 0.0 -2605.50345684467 -899.5761065218217 -1847.1416027653024 -516.2529933253287 3170.707109442869 2101.908407178658 1073.320836823585 -2734.3600863609304 517.3896149181874 -246.54024242737725 -1368.1642627307012 -1131.2263652678416 
0.0 -2.7479573275656394E-13 -2.4723103549928383E-14 3.982189150742977E-13 0.0 -3.1189495409250014E-13 1.844811413468144E-15 0.0 0.0 2071.8166398629637 838.1238080164065 1824.6139384128237 158.9381711729671 -2394.6804394036117 -1153.1707353441648 -799.2911412021396 2035.9063662869767 -552.5984285017092 450.5846548097882 1163.1500913502368 488.9103193299102 
0.0 4.718975590757537E-14 2.231840698782223E-15 -2.1522841306478589E-13 -3.552713678800501E-15 2.8101213152963617E-14 6.677893654786891E-15 0.0 0.0 -326.11113578356526 -26.890749536518854 -58.86510112802739 -147.33212973156336 523.6520516358268 549.2760555010208 102.88721380685826 -438.22761787749874 -3.9243469971692093 11.739765886807348 -172.57818396285757 -428.62696682790465 
0.0 6.606325022115248E-14 5.686079007798759E-15 -4.3258578108178544E-13 0.0 1.4749028618053623E-13 -9.93889938997789E-16 0.0 1.1368683772161603E-13 -893.730014437161 -107.33938075361135 -340.99216613211684 -292.3340927237312 1191.870271060335 1032.0473450820555 373.56272500775805 -1029.8395740985995 115.27279858968677 -26.767232784999038 -457.7915804222731 -804.6391295561766 

1.0 3.4615384615384617 0.6538461538461539 2.576923076923077 2.6153846153846154 0.34615384615384615 2.3076923076923075 1.4615384615384615 1.4230769230769231 1.4615384615384615 2.923076923076923 0.5384615384615384 1.2692307692307692 3.6153846153846154 3.3846153846153846 2.230769230769231 3.8076923076923075 3.230769230769231 0.34615384615384615 1.7307692307692308 0.6923076923076923 
0.0 1.0 0.04456255110384301 0.4501226492232216 0.9223221586263286 -0.5122649223221585 0.11038430089942763 0.05396565821749798 -0.4076042518397383 -0.3180703188879803 0.5650040883074408 -0.6811120196238756 -0.3937040065412919 0.5609157808667211 1.0122649223221585 0.6434995911692559 1.051103843008994 0.4627964022894522 -0.21463614063777595 0.3937040065412919 0.25102207686017985 
0.0 0.0 1.0 -7.15867807336224 3.106293214578691 -12.371147310441808 -15.789757412398915 -8.30548068283917 -14.661549279268714 -19.659127309660523 -10.486425250986363 -20.612445798663995 -14.658189773038 -10.835892027032301 0.379546076018592 4.326028360482829 -3.3712645025196335 -11.101293019258557 -0.479042150083986 -3.0186726043986076 8.997460838313993 
0.0 -1.4210854715202004E-14 0.0 1.0 -0.5329710891361075 1.103531451723664 1.774910726548551 0.8410589204779562 1.511442452959758 1.3425439500068665 0.7022558714462298 1.7903619008377962 1.5120948358741928 1.5620278807856065 -0.28571796456530674 -0.13866570526026623 -0.12100844664194449 1.353531451723664 -0.04484274138167847 -0.08076672160417529 -0.6475501304765827 
0.0 -4.8430565405182754E-14 -7.105427357601002E-15 0.0 1.0 -12.207196346657438 -8.699562978782675 -5.369474532673739 -13.434621023918943 -25.838056203184312 -12.408926835576787 -23.360984288338123 -9.705836794917568 1.9813247435109154 -0.3544856938642083 10.961413073857036 -11.454785453441376 -3.353377612064206 -1.720951120633799 -7.472954793292251 8.781661249517533 
0.0 -2.859121608456748E-13 -3.883596253508843E-14 -5.6843418860808015E-14 0.0 1.0 0.6378654104782437 0.4596315171794062 1.0190284017577653 2.155434293114235 1.0854803275482083 1.9347630535607767 0.7535871794964348 -0.2511015785525865 0.17761833808496022 -0.906564648725941 0.9829068063902852 0.2364644287763896 0.20428504938895306 0.6752350965266007 -0.775157594108197 
0.0 2.15840032099886E-14 1.1979747716447379E-15 6.426259100871867E-14 0.0 0.0 1.0 -0.8148445161500713 1.5783006953357996 -2.3071694275213828 -3.8268255072406996 -7.934078581016682 2.4913909662357825 1.1881336395331044 -7.24945264223848 0.7836316018063394 0.1471966029641756 2.548241470353186 -4.0286052049527425 -1.8231641511824141 7.149479157432053 
0.0 7.116130829302975E-15 2.152719881430367E-16 3.378961032425035E-14 0.0 -5.6843418860808015E-14 0.0 1.0 -18.681033683276848 -2.0108116466023436 2.28198777495722 5.268357791151694 3.5821393405051825 0.17618289666005024 21.417232169946548 2.9376248497769235 -9.161889291303533 -4.619200127594469E-4 6.7080020119366575 -9.337646906869209 -19.059879846882723 
0.0 -1.207538299384771E-14 -1.5674504706009564E-15 5.517560825566617E-14 0.0 -8.067698811640937E-14 1.1102230246251565E-16 0.0 1.0 1.5858579547121507 0.5734040083471004 1.1401232452427141 -0.09470256390627314 -1.6132708597227747 -1.7487757261622252 -0.7554265873795694 1.8719533745003316 -0.40573877491002236 -0.009978688352612404 1.290375686058667 1.1388125694811548 
7.105427357601002E-15 1.9022410437626102E-13 1.805018225868861E-14 -2.450507523089954E-13 0.0 1.1281087528843824E-13 5.946051714773406E-15 0.0 0.0 1.0 0.4313804161029942 0.8850174902491406 0.17112391744110297 -1.1224273281089987 -0.5064692794825995 -0.45270430551312213 0.967769678356762 -0.23653383397733163 0.18761599317678626 0.44705328891893603 0.16117166925748597 
-8.159540278692888E-15 -2.3800597522708674E-15 1.6570069002908895E-15 -1.7557508755820984E-14 7.105427357601002E-15 -2.2207248650357558E-14 -8.237810740289267E-15 0.0 0.0 2.2737367544323206E-13 11.172751697438002 -19.882304329094723 124.32152096779765 117.14077462552154 88.01642335720976 -26.330941300399445 23.991521798098802 11.971485388939527 -75.19589528328271 -70.8083728216161 -46.769896888921465 
5.974681695863535E-16 -2.485405697900354E-14 -1.5071298786445838E-15 -1.3377460307821406E-13 0.0 -2.164722354319548E-14 4.665137808447001E-16 0.0 -3.552713678800501E-15 -1.4210854715202004E-14 57.102554447945074 194.72056976927783 -113.51449263586619 169.61692137544944 254.8520497199379 76.66567250279485 -113.68241879906435 -102.17427883614138 157.67488031320528 15.154882186741581 -283.22749365623275 
-1.6992848127216124E-14 -3.2766059352127697E-14 1.8995124490568327E-15 -1.6045525274785279E-13 -1.4210854715202004E-14 1.4367599714473713E-13 -1.701174916496506E-14 0.0 0.0 0.0 101.66363952298775 282.1610229120338 152.25053269328941 193.4800685453124 338.4609384608791 -81.36860696374401 -144.72481976828385 -39.119344292914775 131.86950136611938 -181.45954102193696 -315.737666078689 
-1.7234289701694284E-14 -1.896119495265077E-14 7.040022753254163E-15 -7.304526651075087E-14 0.0 1.0328009809473042E-13 -1.724480321622788E-14 0.0 0.0 4.547473508864641E-13 116.88283927213774 17.646435973871576 179.2876492279022 79.39382306928292 105.75587344995688 -135.02584063432255 47.680456191894336 12.411028372916121 -31.613190127482994 -143.4138419262042 -104.59001143815374 
-2.36807688546856E-15 8.798356807861122E-15 -2.39866842364701E-15 -8.137104838221353E-15 7.105427357601002E-15 -1.6803015821087966E-13 -5.929462352898075E-15 3.552713678800501E-15 0.0 0.0 104.14524401326611 75.77231977369104 -157.03310874179317 -57.37327442473776 31.48718978682362 -96.76537021755183 104.77628362905847 -76.53542085223803 28.058356472944354 85.64091470844815 11.498847449330682 
-3.723533166062636E-15 2.2628212696506946E-14 1.1100560950747655E-14 7.564713736637711E-14 -1.7763568394002505E-15 -4.242923982475826E-14 -3.5820578616609885E-15 0.0 -5.6843418860808015E-14 0.0 -89.03660977110877 -113.44443261282879 136.1391709497296 -66.3561425670049 -327.55766580934016 -28.87942343799898 58.72714813355947 6.653621496772757 -28.139506900160285 -26.239583422802582 225.23099235360831 
-2.064137493477911E-14 -4.565245622814284E-14 -5.4589623886857974E-15 -3.226488145143547E-13 1.4210854715202004E-14 1.4838015438243662E-13 -1.3820908610084561E-14 -1.4210854715202004E-14 0.0 0.0 224.38705884962178 458.7745274468268 -70.38903488373302 246.21882599794617 782.3009487011157 -106.20179611932008 -212.832843972933 -98.90010717047335 242.29387635408526 -203.36537305863453 -711.2930238720362 
1.0763371414088379E-14 1.3357615982376853E-14 2.6194904932607386E-15 2.701361950795E-14 0.0 -1.4100792799702501E-13 1.0851949173453826E-14 0.0 0.0 0.0 -55.61731617678606 -8.98002445510383 -195.5992084600461 -69.21682399046176 -103.8592545327092 138.62917189755376 30.865043112608873 -62.5436953768899 61.878718241706224 236.9376484625201 154.99217308776065 
-1.694192048260065E-15 1.83341788564057E-15 -2.071978580940875E-15 -1.5679941012269995E-13 -3.552713678800501E-15 1.203001651796613E-15 5.260138884141622E-15 0.0 0.0 0.0 113.78720791361556 229.74895780544017 -91.52671465511222 157.61600083168872 384.1107835294663 -44.74470143813613 -122.6271488916795 -81.06066424675808 72.92343051285073 -26.789128157725003 -376.06709071021277 
-4.643049922575194E-15 -5.823891608715737E-14 -6.108833967987157E-15 -2.724570767445107E-13 0.0 7.377388610879324E-14 -4.879344474589293E-15 0.0 1.1368683772161603E-13 0.0 278.1982447580262 449.9745282053875 -139.3955115185507 188.72327890481552 579.4005486180934 -31.032700494249582 -164.914765488964 -96.12458826575084 140.91081150553242 -58.24663806257212 -660.5951712638223 

1.0 3.4615384615384617 0.6538461538461539 2.576923076923077 2.6153846153846154 0.34615384615384615 2.3076923076923075 1.4615384615384615 1.4230769230769231 1.4615384615384615 2.923076923076923 0.5384615384615384 1.2692307692307692 3.6153846153846154 3.3846153846153846 2.230769230769231 3.8076923076923075 3.230769230769231 0.34615384615384615 1.7307692307692308 0.6923076923076923 
0.0 1.0 0.04456255110384301 0.4501226492232216 0.9223221586263286 -0.5122649223221585 0.11038430089942763 0.05396565821749798 -0.4076042518397383 -0.3180703188879803 0.5650040883074408 -0.6811120196238756 -0.3937040065412919 0.5609157808667211 1.0122649223221585 0.6434995911692559 1.051103843008994 0.4627964022894522 -0.21463614063777595 0.3937040065412919 0.25102207686017985 
0.0 0.0 1.0 -7.15867807336224 3.106293214578691 -12.371147310441808 -15.789757412398915 -8.30548068283917 -14.661549279268714 -19.659127309660523 -10.486425250986363 -20.612445798663995 -14.658189773038 -10.835892027032301 0.379546076018592 4.326028360482829 -3.3712645025196335 -11.101293019258557 -0.479042150083986 -3.0186726043986076 8.997460838313993 
[...]
-5.066829722107289E-16 8.589484252930345E-15 -2.603578857155585E-16 2.976016234346378E-15 6.195864792500352E-17 -6.792793332647415E-16 -2.766091166317496E-15 3.416600213209153E-15 2.149122096391627E-15 2.613695388075443E-16 -4.2247680638244797E-17 1.0 0.0 9.220636996934944E-17 8.943129165737854E-16 1.4235991679322305E-17 -5.083120853441221E-17 0.0 2.0756137816484774E-16 0.0 -0.19593567201468876 
1.102752027159827E-16 -1.2866068800396275E-14 4.84915815448109E-16 -4.5522564404302126E-15 -4.751618962511131E-16 2.0839927423851656E-15 3.13653183128024E-15 -2.9460230197597263E-15 -1.3281398345977264E-15 -3.4106916062067978E-15 1.2737540098326591E-16 5.501415277985395E-16 1.0 -8.881784197001252E-16 -6.117627094919848E-16 -2.923270422468146E-16 -8.574029808143568E-17 0.0 -4.728477729761561E-16 0.0 1.1402904217137704 
8.173474412678017E-17 1.440782568123173E-16 -1.0551829477053552E-16 3.4604665645610646E-16 -2.2795463605608963E-17 -3.3604421301873345E-16 4.3985794964610367E-16 7.65291798340103E-17 9.279949156920079E-18 1.015493331107709E-15 -1.523128571570602E-17 -1.5409624158313368E-16 0.0 0.9999999999999994 9.71445146547012E-17 1.1738139706305908E-16 1.8971939960616237E-16 0.0 3.3256201527351105E-16 0.0 0.28081610303504223 
1.2432611209991573E-16 7.116074511747498E-15 -1.6943669128117878E-18 3.3125236017437425E-15 4.458517732112668E-16 -1.5038988318648613E-15 -1.8779796145059406E-15 4.569276482214317E-16 -1.1127640278328871E-16 2.801800524494516E-15 -1.2802031788221718E-16 -3.5494741637418367E-16 0.0 -1.7644040659163058E-15 1.0000000000000009 5.551115123125783E-17 8.767910859714904E-17 0.0 -1.5111927630368328E-16 0.0 -0.8712103045038999 
3.506412151437862E-16 1.9166663080713663E-14 -1.7988496855566285E-16 6.3543994249041946E-15 1.0663984221012166E-15 -3.390717281542588E-15 -3.4357009400512093E-15 1.3294988899199395E-15 -6.086942216532635E-16 6.490214720753202E-15 -2.5591303535426535E-16 -1.0369117277906925E-15 0.0 -4.79008335708472E-15 2.0443755985835205E-15 1.0000000000000004 2.220446049250313E-16 0.0 2.970800246053844E-16 0.0 -0.3354869537601241 
-3.4549294545056674E-17 5.90338177991633E-15 2.9743648387845057E-16 2.003279622693698E-15 1.9874207834334834E-16 -9.06991065154067E-16 -8.580977510516102E-17 -5.305572976397715E-16 -3.7820014205605983E-16 2.569544866335669E-15 -1.0769228426330358E-16 -2.9302796308294545E-16 0.0 -1.2866151711414573E-15 6.576041201905963E-16 2.667807816529195E-16 1.0000000000000002 0.0 -3.5201766707317174E-16 0.0 -0.13089208871106744 
2.1180650101959288E-16 1.483543611529176E-14 1.3704453513776502E-16 4.7254654653047045E-15 8.658933005482478E-16 -2.2939547566123955E-15 -2.972590283352686E-15 5.392386433537434E-16 -7.982142829553707E-16 4.1679527330380916E-15 -1.9479224304267482E-16 -6.361154703791956E-16 0.0 -3.0092632075507286E-15 9.118861830692781E-16 4.501904545433735E-16 5.107964230013973E-16 1.0 -4.440892098500626E-16 0.0 -0.30079933743684695 
-3.581313242619175E-16 -1.0899621695967736E-14 4.689870027128155E-16 -3.62757109534466E-15 -6.72635471108932E-16 2.2122368387553294E-15 2.6284881782026173E-15 -1.6058906246617491E-15 1.9321787144307753E-16 -3.672931693628995E-15 1.0490901552550283E-16 6.734991501125988E-16 0.0 3.024139458851809E-15 -1.338381117563277E-15 -2.803318658189172E-16 -3.508457005868288E-16 0.0 0.9999999999999998 0.0 0.6354996520637659 
2.6886915460299596E-16 1.0314865865249652E-14 -2.4350921355339075E-16 3.386681108531927E-15 6.17304324045437E-16 -1.9219562397814264E-15 -2.301773570364191E-15 1.084985145544082E-15 -3.2582285826553894E-16 3.3139261328783334E-15 -1.1102230246251565E-16 -5.701030952182829E-16 0.0 -2.5827116370971763E-15 1.0495981226954976E-15 2.8635071687949525E-16 3.506568288339592E-16 0.0 2.220446049250313E-16 1.0 0.4715628585841023 

Solution:

0.21820058234223927
0.38863570976246303
0.2336884642583852
0.5804130341263967
-0.18672509518967526
0.35355997757593727
-0.5596661622084027
-0.47057133049679906
-0.3945589792856342
-0.45774088545392744
0.3710446957072284
-0.19593567201468876
1.1402904217137704
0.28081610303504223
-0.8712103045038999
-0.3354869537601241
-0.13089208871106744
-0.30079933743684695
0.6354996520637659
0.4715628585841023
0.21820058234223927 0
0.38863570976246303 0
0.2336884642583852 0
0.5804130341263967 0
-0.18672509518967526 0
0.35355997757593727 0
-0.5596661622084027 0
-0.47057133049679906 0
-0.3945589792856342 0
-0.45774088545392744 0
0.3710446957072284 0
-0.19593567201468876 0
1.1402904217137704 0
0.28081610303504223 0
-0.8712103045038999 0
-0.3354869537601241 0
-0.13089208871106744 0
-0.30079933743684695 0
0.6354996520637659 0
0.4715628585841023 0
?[1;31m
Start test 10?[0m
Input matrix:

0.0 1.0 1.0 
1.0 0.0 1.0 

1.0 0.0 1.0 
0.0 1.0 1.0 

1.0 0.0 1.0 
0.0 1.0 1.0 

1.0 0.0 1.0 
0.0 1.0 1.0 

Solution:

1.0
1.0
1.0 0
1.0 0
?[1;31m
Start test 11?[0m
Input matrix:

0.0 1.0 1.0 
1.0 0.0 2.0 

1.0 0.0 2.0 
0.0 1.0 1.0 

1.0 0.0 2.0 
0.0 1.0 1.0 

1.0 0.0 2.0 
0.0 1.0 1.0 

Solution:

2.0
1.0
2.0 0
1.0 0
?[1;31m
Start test 12?[0m
Input matrix:

2.0 6.0 1.0 3.0 9.0 1.0 6.0 
9.0 2.0 4.0 3.0 6.0 1.0 5.0 
6.0 5.0 9.0 1.0 4.0 2.0 6.0 
4.0 1.0 1.0 2.0 9.0 2.0 4.0 
5.0 4.0 6.0 2.0 3.0 1.0 6.0 
3.0 5.0 4.0 1.0 7.0 9.0 6.0 

1.0 3.0 0.5 1.5 4.5 0.5 3.0 
0.0 -25.0 -0.5 -10.5 -34.5 -3.5 -22.0 
0.0 -13.0 6.0 -8.0 -23.0 -1.0 -12.0 
0.0 -11.0 -1.0 -4.0 -9.0 0.0 -8.0 
0.0 -11.0 3.5 -5.5 -19.5 -1.5 -9.0 
0.0 -4.0 2.5 -3.5 -6.5 7.5 -3.0 

1.0 3.0 0.5 1.5 4.5 0.5 3.0 
0.0 1.0 0.02 0.42 1.38 0.14 0.88 
0.0 0.0 6.26 -2.54 -5.059999999999999 0.8200000000000001 -0.5599999999999987 
0.0 0.0 -0.78 0.6200000000000001 6.18 1.54 1.6799999999999997 
0.0 0.0 3.72 -0.8799999999999999 -4.32 0.040000000000000036 0.6799999999999997 
0.0 0.0 2.58 -1.82 -0.9799999999999995 8.06 0.52 

1.0 3.0 0.5 1.5 4.5 0.5 3.0 
0.0 1.0 0.02 0.42 1.38 0.14 0.88 
0.0 0.0 1.0 -0.4057507987220447 -0.8083067092651756 0.1309904153354633 -0.08945686900958447 
0.0 0.0 -1.1102230246251565E-16 0.3035143769968052 5.5495207667731625 1.6421725239616614 1.6102236421725238 
0.0 0.0 0.0 0.6293929712460067 -1.313099041533547 -0.44728434504792336 1.012779552715654 
0.0 0.0 0.0 -0.7731629392971247 1.1054313099041533 7.722044728434505 0.750798722044728 

1.0 3.0 0.5 1.5 4.5 0.5 3.0 
0.0 1.0 0.02 0.42 1.38 0.14 0.88 
0.0 0.0 1.0 -0.4057507987220447 -0.8083067092651756 0.1309904153354633 -0.08945686900958447 
0.0 0.0 -1.1102230246251565E-16 1.0 18.284210526315782 5.410526315789472 5.305263157894734 
0.0 0.0 2.3022519563279564E-16 0.0 -12.821052631578949 -3.852631578947369 -2.326315789473685 
0.0 0.0 -2.828147073255661E-16 -1.1102230246251565E-16 15.242105263157889 11.905263157894735 4.852631578947365 

1.0 3.0 0.5 1.5 4.5 0.5 3.0 
0.0 1.0 0.02 0.42 1.38 0.14 0.88 
0.0 0.0 1.0 -0.4057507987220447 -0.8083067092651756 0.1309904153354633 -0.08945686900958447 
0.0 0.0 -1.1102230246251565E-16 1.0 18.284210526315782 5.410526315789472 5.305263157894734 
0.0 0.0 2.3022519563279564E-16 0.0 1.0 0.3004926108374384 0.1814449917898194 
0.0 0.0 -9.11513156506698E-18 -1.1102230246251565E-16 0.0 7.325123152709359 2.087027914614119 

1.0 3.0 0.5 1.5 4.5 0.5 3.0 
0.0 1.0 0.02 0.42 1.38 0.14 0.88 
0.0 0.0 1.0 -0.4057507987220447 -0.8083067092651756 0.1309904153354633 -0.08945686900958447 
0.0 0.0 -1.1102230246251565E-16 1.0 18.284210526315782 5.410526315789472 5.305263157894734 
0.0 0.0 2.3022519563279564E-16 0.0 1.0 0.3004926108374384 0.1814449917898194 
0.0 0.0 -9.11513156506698E-18 -1.1102230246251565E-16 0.0 1.0 0.28491369648060944 

1.0 0.0 6.83481049534862E-16 0.0 0.0 0.0 -0.5174848688634834 
0.0 1.0 3.122502256758253E-17 0.0 0.0 0.0 -0.1523201075991929 
0.0 0.0 0.9999999999999984 0.0 0.0 0.0 0.7668684151535521 
0.0 0.0 -4.321271584015704E-15 1.0 0.0 0.0 2.011544496749605 
0.0 0.0 2.3296422531490935E-16 3.3361381528145094E-17 1.0 0.0 0.0958305312710156 
0.0 0.0 -9.11513156506698E-18 -1.1102230246251565E-16 0.0 1.0 0.28491369648060944 

Solution:

-0.5174848688634834
-0.1523201075991929
0.7668684151535521
2.011544496749605
0.0958305312710156
0.28491369648060944
-0.5174848688634834 0
-0.1523201075991929 0
0.7668684151535521 0
2.011544496749605 0
0.0958305312710156 0
0.28491369648060944 0
?[1;31m
Start test 13?[0m
Input matrix:

0.0 6.0 1.0 3.0 9.0 1.0 6.0 
9.0 0.0 4.0 3.0 6.0 1.0 5.0 
6.0 5.0 0.0 1.0 4.0 2.0 6.0 
4.0 1.0 1.0 0.0 9.0 2.0 4.0 
5.0 4.0 6.0 2.0 0.0 1.0 6.0 
3.0 5.0 4.0 1.0 7.0 0.0 6.0 

1.0 0.0 0.4444444444444444 0.3333333333333333 0.6666666666666666 0.1111111111111111 0.5555555555555556 
0.0 6.0 1.0 3.0 9.0 1.0 6.0 
0.0 5.0 -2.6666666666666665 -1.0 0.0 1.3333333333333335 2.666666666666667 
0.0 1.0 -0.7777777777777777 -1.3333333333333333 6.333333333333334 1.5555555555555556 1.7777777777777777 
0.0 4.0 3.7777777777777777 0.33333333333333326 -3.3333333333333335 0.4444444444444444 3.2222222222222223 
0.0 5.0 2.666666666666667 0.0 5.0 -0.3333333333333333 4.333333333333334 

1.0 0.0 0.4444444444444444 0.3333333333333333 0.6666666666666666 0.1111111111111111 0.5555555555555556 
0.0 1.0 0.16666666666666666 0.5 1.5 0.16666666666666666 1.0 
0.0 0.0 -3.5 -3.5 -7.5 0.5000000000000001 -2.333333333333333 
0.0 0.0 -0.9444444444444443 -1.8333333333333333 4.833333333333334 1.3888888888888888 0.7777777777777777 
0.0 0.0 3.111111111111111 -1.6666666666666667 -9.333333333333334 -0.2222222222222222 -0.7777777777777777 
0.0 0.0 1.8333333333333335 -2.5 -2.5 -1.1666666666666667 -0.6666666666666661 

1.0 0.0 0.4444444444444444 0.3333333333333333 0.6666666666666666 0.1111111111111111 0.5555555555555556 
0.0 1.0 0.16666666666666666 0.5 1.5 0.16666666666666666 1.0 
0.0 0.0 1.0 1.0 2.142857142857143 -0.1428571428571429 0.6666666666666666 
0.0 0.0 -1.1102230246251565E-16 -0.8888888888888891 6.857142857142858 1.253968253968254 1.407407407407407 
0.0 0.0 0.0 -4.777777777777778 -16.0 0.22222222222222238 -2.8518518518518516 
0.0 0.0 0.0 -4.333333333333334 -6.428571428571429 -0.9047619047619048 -1.8888888888888882 

1.0 0.0 0.4444444444444444 0.3333333333333333 0.6666666666666666 0.1111111111111111 0.5555555555555556 
0.0 1.0 0.16666666666666666 0.5 1.5 0.16666666666666666 1.0 
0.0 0.0 1.0 1.0 2.142857142857143 -0.1428571428571429 0.6666666666666666 
0.0 0.0 -1.1102230246251565E-16 1.0 -7.7142857142857135 -1.4107142857142854 -1.5833333333333326 
0.0 0.0 5.967448757360215E-16 0.0 -52.857142857142854 -6.5178571428571415 -10.416666666666663 
0.0 0.0 5.412337245047638E-16 0.0 -39.85714285714286 -7.017857142857143 -8.749999999999996 

1.0 0.0 0.4444444444444444 0.3333333333333333 0.6666666666666666 0.1111111111111111 0.5555555555555556 
0.0 1.0 0.16666666666666666 0.5 1.5 0.16666666666666666 1.0 
0.0 0.0 1.0 1.0 2.142857142857143 -0.1428571428571429 0.6666666666666666 
0.0 0.0 -1.1102230246251565E-16 1.0 -7.7142857142857135 -1.4107142857142854 -1.5833333333333326 
0.0 0.0 5.967448757360215E-16 0.0 1.0 0.12331081081081079 0.197072072072072 
0.0 0.0 9.125583172003398E-17 0.0 0.0 -2.1030405405405412 -0.8952702702702684 

1.0 0.0 0.4444444444444444 0.3333333333333333 0.6666666666666666 0.1111111111111111 0.5555555555555556 
0.0 1.0 0.16666666666666666 0.5 1.5 0.16666666666666666 1.0 
0.0 0.0 1.0 1.0 2.142857142857143 -0.1428571428571429 0.6666666666666666 
0.0 0.0 -1.1102230246251565E-16 1.0 -7.7142857142857135 -1.4107142857142854 -1.5833333333333326 
0.0 0.0 5.967448757360215E-16 0.0 1.0 0.12331081081081079 0.197072072072072 
0.0 0.0 9.125583172003398E-17 0.0 0.0 1.0 0.42570281124497894 

1.0 0.0 2.55351295663786E-15 0.0 0.0 0.0 0.24096385542168752 
0.0 1.0 9.71445146547012E-16 0.0 0.0 0.0 0.59839357429719 
0.0 0.0 0.9999999999999942 0.0 0.0 0.0 0.28514056224899587 
0.0 0.0 4.5343665226156894E-15 1.0 0.0 0.0 0.13253012048192747 
0.0 0.0 5.854920451354093E-16 0.0 1.0 0.0 0.14457831325301213 
0.0 0.0 9.125583172003398E-17 0.0 0.0 1.0 0.42570281124497894 

Solution:

0.24096385542168752
0.59839357429719
0.28514056224899587
0.13253012048192747
0.14457831325301213
0.42570281124497894
0.24096385542168752 0
0.59839357429719 0
0.28514056224899587 0
0.13253012048192747 0
0.14457831325301213 0
0.42570281124497894 0
?[1;31m
Start test 14?[0m
Input matrix:

1.0 6.0 1.0 1.0 9.0 1.0 6.0 
0.0 1.0 4.0 3.0 2.0 1.0 5.0 
0.0 0.0 0.0 1.0 4.0 2.0 6.0 
0.0 0.0 0.0 2.0 9.0 2.0 4.0 
0.0 0.0 0.0 2.0 3.0 1.0 6.0 
0.0 0.0 5.0 1.0 7.0 9.0 6.0 

1.0 6.0 1.0 1.0 9.0 1.0 6.0 
0.0 1.0 4.0 3.0 2.0 1.0 5.0 
0.0 0.0 0.0 1.0 4.0 2.0 6.0 
0.0 0.0 0.0 2.0 9.0 2.0 4.0 
0.0 0.0 0.0 2.0 3.0 1.0 6.0 
0.0 0.0 5.0 1.0 7.0 9.0 6.0 

1.0 6.0 1.0 1.0 9.0 1.0 6.0 
0.0 1.0 4.0 3.0 2.0 1.0 5.0 
0.0 0.0 0.0 1.0 4.0 2.0 6.0 
0.0 0.0 0.0 2.0 9.0 2.0 4.0 
0.0 0.0 0.0 2.0 3.0 1.0 6.0 
0.0 0.0 5.0 1.0 7.0 9.0 6.0 

1.0 6.0 1.0 1.0 9.0 1.0 6.0 
0.0 1.0 4.0 3.0 2.0 1.0 5.0 
0.0 0.0 1.0 0.2 1.4 1.8 1.2 
0.0 0.0 0.0 2.0 9.0 2.0 4.0 
0.0 0.0 0.0 2.0 3.0 1.0 6.0 
0.0 0.0 0.0 1.0 4.0 2.0 6.0 

1.0 6.0 1.0 1.0 9.0 1.0 6.0 
0.0 1.0 4.0 3.0 2.0 1.0 5.0 
0.0 0.0 1.0 0.2 1.4 1.8 1.2 
0.0 0.0 0.0 1.0 4.5 1.0 2.0 
0.0 0.0 0.0 0.0 -6.0 -1.0 2.0 
0.0 0.0 0.0 0.0 -0.5 1.0 4.0 

1.0 6.0 1.0 1.0 9.0 1.0 6.0 
0.0 1.0 4.0 3.0 2.0 1.0 5.0 
0.0 0.0 1.0 0.2 1.4 1.8 1.2 
0.0 0.0 0.0 1.0 4.5 1.0 2.0 
0.0 0.0 0.0 0.0 1.0 0.16666666666666666 -0.3333333333333333 
0.0 0.0 0.0 0.0 0.0 1.0833333333333333 3.8333333333333335 

1.0 6.0 1.0 1.0 9.0 1.0 6.0 
0.0 1.0 4.0 3.0 2.0 1.0 5.0 
0.0 0.0 1.0 0.2 1.4 1.8 1.2 
0.0 0.0 0.0 1.0 4.5 1.0 2.0 
0.0 0.0 0.0 0.0 1.0 0.16666666666666666 -0.3333333333333333 
0.0 0.0 0.0 0.0 0.0 1.0 3.5384615384615388 

1.0 0.0 0.0 0.0 0.0 0.0 -65.81538461538462 
0.0 1.0 0.0 0.0 0.0 0.0 13.061538461538461 
0.0 0.0 1.0 0.0 0.0 0.0 -4.4 
0.0 0.0 0.0 1.0 0.0 0.0 2.6153846153846154 
0.0 0.0 0.0 0.0 1.0 0.0 -0.9230769230769231 
0.0 0.0 0.0 0.0 0.0 1.0 3.5384615384615388 

Solution:

-65.81538461538462
13.061538461538461
-4.4
2.6153846153846154
-0.9230769230769231
3.5384615384615388
-65.81538461538462 0
13.061538461538461 0
-4.4 0
2.6153846153846154 0
-0.9230769230769231 0
3.5384615384615388 0
?[1;31m
Start test 15?[0m
Input matrix:

1.0 6.0 1.0 1.0 9.0 1.0 6.0 
0.0 1.0 4.0 3.0 2.0 1.0 5.0 
0.0 0.0 0.0 0.0 0.0 2.0 6.0 
0.0 0.0 0.0 0.0 2.0 2.0 4.0 
0.0 0.0 0.0 9.0 2.0 1.0 6.0 
0.0 0.0 7.0 1.0 7.0 9.0 6.0 

1.0 6.0 1.0 1.0 9.0 1.0 6.0 
0.0 1.0 4.0 3.0 2.0 1.0 5.0 
0.0 0.0 0.0 0.0 0.0 2.0 6.0 
0.0 0.0 0.0 0.0 2.0 2.0 4.0 
0.0 0.0 0.0 9.0 2.0 1.0 6.0 
0.0 0.0 7.0 1.0 7.0 9.0 6.0 

1.0 6.0 1.0 1.0 9.0 1.0 6.0 
0.0 1.0 4.0 3.0 2.0 1.0 5.0 
0.0 0.0 0.0 0.0 0.0 2.0 6.0 
0.0 0.0 0.0 0.0 2.0 2.0 4.0 
0.0 0.0 0.0 9.0 2.0 1.0 6.0 
0.0 0.0 7.0 1.0 7.0 9.0 6.0 

1.0 6.0 1.0 1.0 9.0 1.0 6.0 
0.0 1.0 4.0 3.0 2.0 1.0 5.0 
0.0 0.0 1.0 0.14285714285714285 1.0 1.2857142857142858 0.8571428571428571 
0.0 0.0 0.0 0.0 2.0 2.0 4.0 
0.0 0.0 0.0 9.0 2.0 1.0 6.0 
0.0 0.0 0.0 0.0 0.0 2.0 6.0 

1.0 6.0 1.0 1.0 9.0 1.0 6.0 
0.0 1.0 4.0 3.0 2.0 1.0 5.0 
0.0 0.0 1.0 0.14285714285714285 1.0 1.2857142857142858 0.8571428571428571 
0.0 0.0 0.0 1.0 0.2222222222222222 0.1111111111111111 0.6666666666666666 
0.0 0.0 0.0 0.0 2.0 2.0 4.0 
0.0 0.0 0.0 0.0 0.0 2.0 6.0 

1.0 6.0 1.0 1.0 9.0 1.0 6.0 
0.0 1.0 4.0 3.0 2.0 1.0 5.0 
0.0 0.0 1.0 0.14285714285714285 1.0 1.2857142857142858 0.8571428571428571 
0.0 0.0 0.0 1.0 0.2222222222222222 0.1111111111111111 0.6666666666666666 
0.0 0.0 0.0 0.0 1.0 1.0 2.0 
0.0 0.0 0.0 0.0 0.0 2.0 6.0 

1.0 6.0 1.0 1.0 9.0 1.0 6.0 
0.0 1.0 4.0 3.0 2.0 1.0 5.0 
0.0 0.0 1.0 0.14285714285714285 1.0 1.2857142857142858 0.8571428571428571 
0.0 0.0 0.0 1.0 0.2222222222222222 0.1111111111111111 0.6666666666666666 
0.0 0.0 0.0 0.0 1.0 1.0 2.0 
0.0 0.0 0.0 0.0 0.0 1.0 3.0 

1.0 0.0 0.0 0.0 0.0 0.0 -50.38095238095239 
0.0 1.0 0.0 0.0 0.0 0.0 10.650793650793652 
0.0 0.0 1.0 0.0 0.0 0.0 -2.07936507936508 
0.0 0.0 0.0 1.0 0.0 0.0 0.5555555555555556 
0.0 0.0 0.0 0.0 1.0 0.0 -1.0 
0.0 0.0 0.0 0.0 0.0 1.0 3.0 

Solution:

-50.38095238095239
10.650793650793652
-2.07936507936508
0.5555555555555556
-1.0
3.0
-50.38095238095239 0
10.650793650793652 0
-2.07936507936508 0
0.5555555555555556 0
-1.0 0
3.0 0
?[1;31m
Start test 16?[0m
Input matrix:

0.0 1.0 2.0 9.0 
0.0 1.0 3.0 1.0 
1.0 0.0 6.0 0.0 
2.0 0.0 2.0 0.0 

1.0 0.0 6.0 0.0 
0.0 1.0 3.0 1.0 
0.0 1.0 2.0 9.0 
0.0 0.0 -10.0 0.0 

1.0 0.0 6.0 0.0 
0.0 1.0 3.0 1.0 
0.0 0.0 -1.0 8.0 
0.0 0.0 -10.0 0.0 

1.0 0.0 6.0 0.0 
0.0 1.0 3.0 1.0 
0.0 0.0 1.0 -8.0 
0.0 0.0 0.0 -80.0 

1.0 0.0 6.0 0.0 
0.0 1.0 3.0 1.0 
0.0 0.0 1.0 -8.0 
0.0 0.0 0.0 1.0 

No solutions
?[1;31m
Start test 17?[0m
Input matrix:

1.0 1.0 2.0 9.0 
0.0 1.0 3.0 1.0 
0.0 0.0 6.0 0.0 
0.0 0.0 0.0 0.0 

1.0 1.0 2.0 9.0 
0.0 1.0 3.0 1.0 
0.0 0.0 6.0 0.0 
0.0 0.0 0.0 0.0 

1.0 1.0 2.0 9.0 
0.0 1.0 3.0 1.0 
0.0 0.0 6.0 0.0 
0.0 0.0 0.0 0.0 

1.0 1.0 2.0 9.0 
0.0 1.0 3.0 1.0 
0.0 0.0 1.0 0.0 
0.0 0.0 0.0 0.0 

1.0 0.0 0.0 8.0 
0.0 1.0 0.0 1.0 
0.0 0.0 1.0 0.0 
0.0 0.0 0.0 0.0 

Solution:

8.0
1.0
0.0
8.0 0
1.0 0
0.0 0
?[1;31m
Start test 18?[0m
Input matrix:

1.0 1.0 2.0 9.0 
0.0 1.0 3.0 1.0 
0.0 0.0 6.0 0.0 
0.0 0.0 0.0 7.0 

1.0 1.0 2.0 9.0 
0.0 1.0 3.0 1.0 
0.0 0.0 6.0 0.0 
0.0 0.0 0.0 7.0 

1.0 1.0 2.0 9.0 
0.0 1.0 3.0 1.0 
0.0 0.0 6.0 0.0 
0.0 0.0 0.0 7.0 

1.0 1.0 2.0 9.0 
0.0 1.0 3.0 1.0 
0.0 0.0 1.0 0.0 
0.0 0.0 0.0 7.0 

1.0 1.0 2.0 9.0 
0.0 1.0 3.0 1.0 
0.0 0.0 1.0 0.0 
0.0 0.0 0.0 1.0 

No solutions
?[1;31m
Start test 19?[0m
Input matrix:

1.0 1.0 2.0 9.0 
0.0 1.0 3.0 1.0 
0.0 2.0 6.0 2.0 
0.0 0.0 0.0 0.0 

1.0 1.0 2.0 9.0 
0.0 1.0 3.0 1.0 
0.0 2.0 6.0 2.0 
0.0 0.0 0.0 0.0 

1.0 1.0 2.0 9.0 
0.0 1.0 3.0 1.0 
0.0 0.0 0.0 0.0 
0.0 0.0 0.0 0.0 

Infinitely many solutions
?[1;31m
Start test 20?[0m
Input matrix:

1.0 1.0 2.0 9.0 7.0 
0.0 1.0 3.0 1.0 2.0 
0.0 2.0 6.0 2.0 9.0 

1.0 1.0 2.0 9.0 7.0 
0.0 1.0 3.0 1.0 2.0 
0.0 2.0 6.0 2.0 9.0 

1.0 1.0 2.0 9.0 7.0 
0.0 1.0 3.0 1.0 2.0 
0.0 0.0 0.0 0.0 5.0 

No solutions
?[1;31m
Start test 21?[0m
Input matrix:

1.0 1.0 2.0 9.0 7.0 
0.0 1.0 3.0 1.0 2.0 
0.0 2.0 6.0 3.0 9.0 

1.0 1.0 2.0 9.0 7.0 
0.0 1.0 3.0 1.0 2.0 
0.0 2.0 6.0 3.0 9.0 

1.0 1.0 2.0 9.0 7.0 
0.0 1.0 3.0 1.0 2.0 
0.0 0.0 0.0 1.0 5.0 

1.0 1.0 9.0 2.0 7.0 
0.0 1.0 1.0 3.0 2.0 
0.0 0.0 1.0 0.0 5.0 

Infinitely many solutions
?[1;31m
Start test 22?[0m
Input matrix:

1.0 0.0 0.0 0.0 1.0 
0.0 0.0 0.0 0.0 0.0 
1.0 0.0 0.0 0.0 0.0 

1.0 0.0 0.0 0.0 1.0 
0.0 0.0 0.0 0.0 0.0 
0.0 0.0 0.0 0.0 -1.0 

No solutions
?[1;31m
Start test 23?[0m
Input matrix:

0.0+1.0i 0.0 1.0 
0.0 0.0+1.0i 1.0 

1.0 0.0 0.0-1.0i 
0.0 0.0+1.0i 1.0 

1.0 0.0 0.0-1.0i 
0.0 1.0 0.0-1.0i 

1.0 0.0 0.0-1.0i 
0.0 1.0 0.0-1.0i 

Solution:

0.0-1.0i
0.0-1.0i
0.0 -1.0
0.0 -1.0
?[1;31m
Start test 24?[0m
Input matrix:

0.0+1.0i 0.0-1.0i 0.0+1.0i 
0.0-1.0i 0.0+1.0i 0.0+1.0i 

1.0 -1.0 1.0 
0.0 0.0 0.0+2.0i 

No solutions
?[1;31m
Start test 25?[0m
Input matrix:

0.0+1.0i 0.0-1.0i 0.0+1.0i 
0.0-1.0i 0.0+1.0i 0.0-1.0i 

1.0 -1.0 1.0 
0.0 0.0 0.0 

Infinitely many solutions
?[1;31m
Start test 26?[0m
Input matrix:

1.0+1.0i 2.0+6.0i 7.0-8.0i 12.0 
0.0-7.0i 123.0 12.0+1.0i 0.0+1.0i 
11.0-11.0i 12.0+1.0i 0.0-1.0i 1.0+1.0i 

1.0 4.0+2.0i -0.5-7.5i 6.0-6.0i 
0.0 109.0+28.0i 64.5-2.5i 42.0+43.0i 
0.0 -54.0+23.0i 88.0+76.0i 1.0+133.0i 

1.0 4.0+2.0i -0.5-7.5i 6.0-6.0i 
0.0 1.0 0.5495854717726016-0.16411369917094354i 0.45653375444137384+0.27722068693249113i 
0.0 0.0+3.552713678800501E-15i 113.90300039478879+54.49739439399921i 32.028898539281485+137.46964074220293i 

1.0 4.0+2.0i -0.5-7.5i 6.0-6.0i 
0.0 1.0 0.5495854717726016-0.16411369917094354i 0.45653375444137384+0.27722068693249113i 
0.0 0.0+3.552713678800501E-15i 1.0 0.6986968792228414+0.8726063493397374i 

1.0 -1.7763568394002505E-15+9.103828801926284E-15i 0.0 -0.0879036701718035+0.1686043029370886i 
0.0 0.9999999999999994-1.9525198232365484E-15i 0.0 -0.0706665554625528-0.08768535579270165i 
0.0 0.0+3.552713678800501E-15i 1.0 0.6986968792228414+0.8726063493397374i 

Solution:

-0.0879036701718035+0.1686043029370886i
-0.0706665554625528-0.08768535579270165i
0.6986968792228414+0.8726063493397374i
-0.0879036701718035 +0.1686043029370886
-0.0706665554625528 -0.08768535579270165
0.6986968792228414 +0.8726063493397374
]]></system-out>
  <system-err><![CDATA[]]></system-err>
</testsuite>
